Log file open, 04/04/20 20:20:55
LogWindows: Failed to load 'aqProf.dll' (GetLastError=126)
LogWindows: File 'aqProf.dll' does not exist
LogWindows: Failed to load 'VtuneApi.dll' (GetLastError=126)
LogWindows: File 'VtuneApi.dll' does not exist
LogWindows: Failed to load 'VtuneApi32e.dll' (GetLastError=126)
LogWindows: File 'VtuneApi32e.dll' does not exist
LogConsoleResponse: Display: Failed to find resolution value strings in scalability ini. Falling back to default.
LogInit: Display: Running engine for game: FrogDev
LogPlatformFile: Not using cached read wrapper
LogTaskGraph: Started task graph with 5 named threads and 23 total threads with 3 sets of task threads.
LogStats: Stats thread started at 0.169544
LogD3D11RHI: Loaded GFSDK_Aftermath_Lib.x64.dll
LogICUInternationalization: ICU TimeZone Detection - Raw Offset: +3:00, Platform Override: ''
LogPluginManager: Mounting plugin Paper2D
LogPluginManager: Mounting plugin AISupport
LogPluginManager: Mounting plugin LightPropagationVolume
LogPluginManager: Mounting plugin ActorLayerUtilities
LogPluginManager: Mounting plugin AnimationSharing
LogPluginManager: Mounting plugin CLionSourceCodeAccess
LogPluginManager: Mounting plugin CodeLiteSourceCodeAccess
LogPluginManager: Mounting plugin GitSourceControl
LogPluginManager: Mounting plugin KDevelopSourceCodeAccess
LogPluginManager: Mounting plugin NullSourceCodeAccess
LogPluginManager: Mounting plugin PerforceSourceControl
LogPluginManager: Mounting plugin PlasticSourceControl
LogPluginManager: Mounting plugin SubversionSourceControl
LogPluginManager: Mounting plugin UObjectPlugin
LogPluginManager: Mounting plugin VisualStudioCodeSourceCodeAccess
LogPluginManager: Mounting plugin VisualStudioSourceCodeAccess
LogPluginManager: Mounting plugin XCodeSourceCodeAccess
LogPluginManager: Mounting plugin AssetManagerEditor
LogPluginManager: Mounting plugin CryptoKeys
LogPluginManager: Mounting plugin CurveEditorTools
LogPluginManager: Mounting plugin DataValidation
LogPluginManager: Mounting plugin FacialAnimation
LogPluginManager: Mounting plugin GameplayTagsEditor
LogPluginManager: Mounting plugin MacGraphicsSwitching
LogPluginManager: Mounting plugin MaterialAnalyzer
LogPluginManager: Mounting plugin MobileLauncherProfileWizard
LogPluginManager: Mounting plugin PluginBrowser
LogPluginManager: Mounting plugin SpeedTreeImporter
LogPluginManager: Mounting plugin DatasmithContent
LogPluginManager: Mounting plugin VariantManagerContent
LogPluginManager: Mounting plugin AlembicImporter
LogPluginManager: Mounting plugin AutomationUtils
LogPluginManager: Mounting plugin BackChannel
LogPluginManager: Mounting plugin CharacterAI
LogPluginManager: Mounting plugin GeometryCache
LogPluginManager: Mounting plugin PlatformCrypto
LogPluginManager: Mounting plugin ProxyLODPlugin
LogPluginManager: Mounting plugin SkeletalReduction
LogPluginManager: Mounting plugin MagicLeap
LogPluginManager: Mounting plugin MagicLeapMedia
LogPluginManager: Mounting plugin MLSDK
LogPluginManager: Mounting plugin AndroidMedia
LogPluginManager: Mounting plugin AvfMedia
LogPluginManager: Mounting plugin ImgMedia
LogPluginManager: Mounting plugin MediaCompositing
LogPluginManager: Mounting plugin MediaPlayerEditor
LogPluginManager: Mounting plugin WebMMedia
LogPluginManager: Mounting plugin WmfMedia
LogPluginManager: Mounting plugin TcpMessaging
LogPluginManager: Mounting plugin UdpMessaging
LogPluginManager: Mounting plugin ActorSequence
LogPluginManager: Mounting plugin LevelSequenceEditor
LogPluginManager: Mounting plugin MatineeToLevelSequence
LogPluginManager: Mounting plugin NetcodeUnitTest
LogPluginManager: Mounting plugin NUTUnrealEngine4
LogPluginManager: Mounting plugin OnlineSubsystemGooglePlay
LogPluginManager: Mounting plugin OnlineSubsystemIOS
LogPluginManager: Mounting plugin OnlineSubsystem
LogPluginManager: Mounting plugin OnlineSubsystemNull
LogPluginManager: Mounting plugin OnlineSubsystemUtils
LogPluginManager: Mounting plugin LauncherChunkInstaller
LogPluginManager: Mounting plugin AndroidDeviceProfileSelector
LogPluginManager: Mounting plugin AndroidMoviePlayer
LogPluginManager: Mounting plugin AndroidPermission
LogPluginManager: Mounting plugin AppleImageUtils
LogPluginManager: Mounting plugin AppleMoviePlayer
LogPluginManager: Mounting plugin ArchVisCharacter
LogPluginManager: Mounting plugin AssetTags
LogPluginManager: Mounting plugin AudioCapture
LogPluginManager: Mounting plugin CableComponent
LogPluginManager: Mounting plugin CustomMeshComponent
LogPluginManager: Mounting plugin EditableMesh
LogPluginManager: Mounting plugin ExampleDeviceProfileSelector
LogPluginManager: Mounting plugin GoogleCloudMessaging
LogPluginManager: Mounting plugin IOSDeviceProfileSelector
LogPluginManager: Mounting plugin LinuxDeviceProfileSelector
LogPluginManager: Mounting plugin LocationServicesBPLibrary
LogPluginManager: Mounting plugin MobilePatchingUtils
LogPluginManager: Mounting plugin OculusVR
LogPluginManager: Mounting plugin PhysXVehicles
LogPluginManager: Mounting plugin PostSplashScreen
LogPluginManager: Mounting plugin ProceduralMeshComponent
LogPluginManager: Mounting plugin RuntimePhysXCooking
LogPluginManager: Mounting plugin SignificanceManager
LogPluginManager: Mounting plugin SteamVR
LogPluginManager: Mounting plugin WebMMoviePlayer
LogPluginManager: Mounting plugin WindowsMoviePlayer
LogPluginManager: Mounting plugin ScreenshotTools
LogInit: Using libcurl 7.55.1-DEV
LogInit:  - built for x86_64-pc-win32
LogInit:  - supports SSL with OpenSSL/1.1.1
LogInit:  - supports HTTP deflate (compression) using libz 1.2.8
LogInit:  - other features:
LogInit:      CURL_VERSION_SSL
LogInit:      CURL_VERSION_LIBZ
LogInit:      CURL_VERSION_IPV6
LogInit:      CURL_VERSION_ASYNCHDNS
LogInit:      CURL_VERSION_LARGEFILE
LogInit:      CURL_VERSION_IDN
LogInit:  CurlRequestOptions (configurable via config and command line):
LogInit:  - bVerifyPeer = true  - Libcurl will verify peer certificate
LogInit:  - bUseHttpProxy = false  - Libcurl will NOT use HTTP proxy
LogInit:  - bDontReuseConnections = false  - Libcurl will reuse connections
LogInit:  - MaxHostConnections = 16  - Libcurl will limit the number of connections to a host
LogInit:  - LocalHostAddr = Default
LogInit:  - BufferSize = 65536
LogOnline: OSS: Creating online subsystem instance for: NULL
LogInit: WinSock: version 1.1 (2.2), MaxSocks=32767, MaxUdp=65467
LogOnline: OSS: TryLoadSubsystemAndSetDefault: Loaded subsystem for module [NULL]
LogInit: Build: ++UE4+Release-4.24-CL-11590370
LogInit: Engine Version: 4.24.3-11590370+++UE4+Release-4.24
LogInit: Compatible Engine Version: 4.24.0-10570792+++UE4+Release-4.24
LogInit: Net CL: 10570792
LogInit: OS: Windows 10 (Release 1903) (), CPU:         Intel(R) Core(TM) i7-3770 CPU @ 3.40GHz, GPU: NVIDIA GeForce GTX 980
LogInit: Compiled (64-bit): Feb 24 2020 15:39:18
LogInit: Compiled with Visual C++: 19.16.27032.01
LogInit: Build Configuration: Development
LogInit: Branch Name: ++UE4+Release-4.24
LogInit: Command Line:  /Game/2DSideScrollerBP/Maps/2DSideScrollerExampleMap -game -PIEVIACONSOLE -ResX=1280 -ResY=720 -Multiprocess -messaging -SessionName="Play in Standalone Game" -MobileTargetDevice="Galaxy S9 (Adreno)" -faketouches -MultiprocessSaveConfig -windowed
LogInit: Base Directory: D:/Progs/UE_4.24/Engine/Binaries/Win64/
LogInit: Installed Engine Build: 1
LogDevObjectVersion: Number of dev versions registered: 25
LogDevObjectVersion:   Dev-Blueprints (B0D832E4-1F89-4F0D-ACCF-7EB736FD4AA2): 10
LogDevObjectVersion:   Dev-Build (E1C64328-A22C-4D53-A36C-8E866417BD8C): 0
LogDevObjectVersion:   Dev-Core (375EC13C-06E4-48FB-B500-84F0262A717E): 3
LogDevObjectVersion:   Dev-Editor (E4B068ED-F494-42E9-A231-DA0B2E46BB41): 37
LogDevObjectVersion:   Dev-Framework (CFFC743F-43B0-4480-9391-14DF171D2073): 36
LogDevObjectVersion:   Dev-Mobile (B02B49B5-BB20-44E9-A304-32B752E40360): 2
LogDevObjectVersion:   Dev-Networking (A4E4105C-59A1-49B5-A7C5-40C4547EDFEE): 0
LogDevObjectVersion:   Dev-Online (39C831C9-5AE6-47DC-9A44-9C173E1C8E7C): 0
LogDevObjectVersion:   Dev-Physics (78F01B33-EBEA-4F98-B9B4-84EACCB95AA2): 2
LogDevObjectVersion:   Dev-Platform (6631380F-2D4D-43E0-8009-CF276956A95A): 0
LogDevObjectVersion:   Dev-Rendering (12F88B9F-8875-4AFC-A67C-D90C383ABD29): 36
LogDevObjectVersion:   Dev-Sequencer (7B5AE74C-D270-4C10-A958-57980B212A5A): 11
LogDevObjectVersion:   Dev-VR (D7296918-1DD6-4BDD-9DE2-64A83CC13884): 2
LogDevObjectVersion:   Dev-LoadTimes (C2A15278-BFE7-4AFE-6C17-90FF531DF755): 1
LogDevObjectVersion:   Private-Geometry (6EACA3D4-40EC-4CC1-B786-8BED09428FC5): 3
LogDevObjectVersion:   Dev-AnimPhys (29E575DD-E0A3-4627-9D10-D276232CDCEA): 17
LogDevObjectVersion:   Dev-Anim (AF43A65D-7FD3-4947-9873-3E8ED9C1BB05): 2
LogDevObjectVersion:   Dev-ReflectionCapture (6B266CEC-1EC7-4B8F-A30B-E4D90942FC07): 1
LogDevObjectVersion:   Dev-Automation (0DF73D61-A23F-47EA-B727-89E90C41499A): 1
LogDevObjectVersion:   FortniteMain (601D1886-AC64-4F84-AA16-D3DE0DEAC7D6): 31
LogDevObjectVersion:   Dev-Enterprise (9DFFBCD6-494F-0158-E221-12823C92A888): 8
LogDevObjectVersion:   Dev-Niagara (F2AED0AC-9AFE-416F-8664-AA7FFA26D6FC): 1
LogDevObjectVersion:   Dev-Destruction (174F1F0B-B4C6-45A5-B13F-2EE8D0FB917D): 9
LogDevObjectVersion:   Dev-Physics-Ext (35F94A83-E258-406C-A318-09F59610247C): 8
LogDevObjectVersion:   Dev-CineCamera (B2E18506-4273-CFC2-A54E-F4BB758BBA07): 1
LogInit: Presizing for max 25165824 objects, including 0 objects not considered by GC, pre-allocating 0 bytes for permanent pool.
LogInit: Object subsystem initialized
LogConfig: Setting CVar [[con.DebugEarlyDefault:1]]
LogConfig: Setting CVar [[r.setres:1280x720]]
[2020.04.04-17.20.55:953][  0]LogConfig: Setting CVar [[con.DebugEarlyDefault:1]]
[2020.04.04-17.20.55:953][  0]LogConfig: Setting CVar [[r.setres:1280x720]]
[2020.04.04-17.20.55:953][  0]LogConfig: Applying CVar settings from Section [/Script/Engine.RendererSettings] File [D:/GitHub/4Module/module4/Unreal/FrogDev/Saved/Config/Windows/Engine.ini]
[2020.04.04-17.20.55:953][  0]LogConfig: Setting CVar [[r.GPUCrashDebugging:0]]
[2020.04.04-17.20.55:954][  0]LogConfig: Setting CVar [[r.MobileHDR:0]]
[2020.04.04-17.20.55:954][  0]LogConfig: Setting CVar [[r.Mobile.DisableVertexFog:1]]
[2020.04.04-17.20.55:954][  0]LogConfig: Setting CVar [[r.Shadow.CSM.MaxMobileCascades:2]]
[2020.04.04-17.20.55:954][  0]LogConfig: Setting CVar [[r.MobileMSAA:1]]
[2020.04.04-17.20.55:954][  0]LogConfig: Setting CVar [[r.Mobile.UseLegacyShadingModel:0]]
[2020.04.04-17.20.55:954][  0]LogConfig: Setting CVar [[r.Mobile.UseHWsRGBEncoding:0]]
[2020.04.04-17.20.55:954][  0]LogConfig: Setting CVar [[r.Mobile.AllowDitheredLODTransition:0]]
[2020.04.04-17.20.55:954][  0]LogConfig: Setting CVar [[r.Mobile.AllowSoftwareOcclusion:0]]
[2020.04.04-17.20.55:954][  0]LogConfig: Setting CVar [[r.DiscardUnusedQuality:0]]
[2020.04.04-17.20.55:954][  0]LogConfig: Setting CVar [[r.AllowOcclusionQueries:1]]
[2020.04.04-17.20.55:954][  0]LogConfig: Setting CVar [[r.MinScreenRadiusForLights:0.030000]]
[2020.04.04-17.20.55:954][  0]LogConfig: Setting CVar [[r.MinScreenRadiusForDepthPrepass:0.030000]]
[2020.04.04-17.20.55:954][  0]LogConfig: Setting CVar [[r.MinScreenRadiusForCSMDepth:0.010000]]
[2020.04.04-17.20.55:954][  0]LogConfig: Setting CVar [[r.PrecomputedVisibilityWarning:0]]
[2020.04.04-17.20.55:954][  0]LogConfig: Setting CVar [[r.TextureStreaming:1]]
[2020.04.04-17.20.55:954][  0]LogConfig: Setting CVar [[Compat.UseDXT5NormalMaps:0]]
[2020.04.04-17.20.55:954][  0]LogConfig: Setting CVar [[r.VirtualTextures:0]]
[2020.04.04-17.20.55:954][  0]LogConfig: Setting CVar [[r.VirtualTexturedLightmaps:0]]
[2020.04.04-17.20.55:954][  0]LogConfig: Setting CVar [[r.VT.TileSize:128]]
[2020.04.04-17.20.55:954][  0]LogConfig: Setting CVar [[r.VT.TileBorderSize:4]]
[2020.04.04-17.20.55:955][  0]LogConfig: Setting CVar [[r.vt.FeedbackFactor:16]]
[2020.04.04-17.20.55:955][  0]LogConfig: Setting CVar [[r.VT.EnableCompressZlib:1]]
[2020.04.04-17.20.55:955][  0]LogConfig: Setting CVar [[r.VT.EnableCompressCrunch:0]]
[2020.04.04-17.20.55:955][  0]LogConfig: Setting CVar [[r.ClearCoatNormal:0]]
[2020.04.04-17.20.55:955][  0]LogConfig: Setting CVar [[r.ReflectionCaptureResolution:128]]
[2020.04.04-17.20.55:955][  0]LogConfig: Setting CVar [[r.ReflectionEnvironmentLightmapMixBasedOnRoughness:1]]
[2020.04.04-17.20.55:955][  0]LogConfig: Setting CVar [[r.ForwardShading:0]]
[2020.04.04-17.20.55:955][  0]LogConfig: Setting CVar [[r.VertexFoggingForOpaque:1]]
[2020.04.04-17.20.55:955][  0]LogConfig: Setting CVar [[r.AllowStaticLighting:1]]
[2020.04.04-17.20.55:955][  0]LogConfig: Setting CVar [[r.NormalMapsForStaticLighting:0]]
[2020.04.04-17.20.55:955][  0]LogConfig: Setting CVar [[r.GenerateMeshDistanceFields:0]]
[2020.04.04-17.20.55:955][  0]LogConfig: Setting CVar [[r.DistanceFieldBuild.EightBit:0]]
[2020.04.04-17.20.55:955][  0]LogConfig: Setting CVar [[r.GenerateLandscapeGIData:0]]
[2020.04.04-17.20.55:955][  0]LogConfig: Setting CVar [[r.DistanceFieldBuild.Compress:0]]
[2020.04.04-17.20.55:955][  0]LogConfig: Setting CVar [[r.TessellationAdaptivePixelsPerTriangle:48.000000]]
[2020.04.04-17.20.55:955][  0]LogConfig: Setting CVar [[r.SeparateTranslucency:0]]
[2020.04.04-17.20.55:955][  0]LogConfig: Setting CVar [[r.TranslucentSortPolicy:0]]
[2020.04.04-17.20.55:955][  0]LogConfig: Setting CVar [[r.CustomDepth:1]]
[2020.04.04-17.20.55:955][  0]LogConfig: Setting CVar [[r.CustomDepthTemporalAAJitter:1]]
[2020.04.04-17.20.55:955][  0]LogConfig: Setting CVar [[r.PostProcessing.PropagateAlpha:0]]
[2020.04.04-17.20.55:955][  0]LogConfig: Setting CVar [[r.DefaultFeature.Bloom:0]]
[2020.04.04-17.20.55:955][  0]LogConfig: Setting CVar [[r.DefaultFeature.AmbientOcclusion:0]]
[2020.04.04-17.20.55:955][  0]LogConfig: Setting CVar [[r.DefaultFeature.AmbientOcclusionStaticFraction:1]]
[2020.04.04-17.20.55:955][  0]LogConfig: Setting CVar [[r.DefaultFeature.AutoExposure:0]]
[2020.04.04-17.20.55:955][  0]LogConfig: Setting CVar [[r.DefaultFeature.AutoExposure.Method:0]]
[2020.04.04-17.20.55:955][  0]LogConfig: Setting CVar [[r.DefaultFeature.AutoExposure.ExtendDefaultLuminanceRange:0]]
[2020.04.04-17.20.55:955][  0]LogConfig: Setting CVar [[r.UsePreExposure:1]]
[2020.04.04-17.20.55:955][  0]LogConfig: Setting CVar [[r.EyeAdaptation.EditorOnly:1]]
[2020.04.04-17.20.55:955][  0]LogConfig: Setting CVar [[r.DefaultFeature.MotionBlur:0]]
[2020.04.04-17.20.55:955][  0]LogConfig: Setting CVar [[r.DefaultFeature.LensFlare:0]]
[2020.04.04-17.20.55:955][  0]LogConfig: Setting CVar [[r.TemporalAA.Upsampling:0]]
[2020.04.04-17.20.55:956][  0]LogConfig: Setting CVar [[r.SSGI.Enable:0]]
[2020.04.04-17.20.55:956][  0]LogConfig: Setting CVar [[r.DefaultFeature.AntiAliasing:0]]
[2020.04.04-17.20.55:956][  0]LogConfig: Setting CVar [[r.DefaultFeature.LightUnits:1]]
[2020.04.04-17.20.55:956][  0]LogConfig: Setting CVar [[r.DefaultBackBufferPixelFormat:4]]
[2020.04.04-17.20.55:956][  0]LogConfig: Setting CVar [[r.Shadow.UnbuiltPreviewInGame:1]]
[2020.04.04-17.20.55:956][  0]LogConfig: Setting CVar [[r.StencilForLODDither:0]]
[2020.04.04-17.20.55:956][  0]LogConfig: Setting CVar [[r.EarlyZPass:3]]
[2020.04.04-17.20.55:956][  0]LogConfig: Setting CVar [[r.EarlyZPassOnlyMaterialMasking:0]]
[2020.04.04-17.20.55:956][  0]LogConfig: Setting CVar [[r.DBuffer:1]]
[2020.04.04-17.20.55:956][  0]LogConfig: Setting CVar [[r.ClearSceneMethod:1]]
[2020.04.04-17.20.55:956][  0]LogConfig: Setting CVar [[r.BasePassOutputsVelocity:0]]
[2020.04.04-17.20.55:956][  0]LogConfig: Setting CVar [[r.SelectiveBasePassOutputs:0]]
[2020.04.04-17.20.55:956][  0]LogConfig: Setting CVar [[fx.GPUSimulationTextureSizeX:1024]]
[2020.04.04-17.20.55:956][  0]LogConfig: Setting CVar [[fx.GPUSimulationTextureSizeY:1024]]
[2020.04.04-17.20.55:956][  0]LogConfig: Setting CVar [[r.AllowGlobalClipPlane:0]]
[2020.04.04-17.20.55:956][  0]LogConfig: Setting CVar [[r.GBufferFormat:1]]
[2020.04.04-17.20.55:956][  0]LogConfig: Setting CVar [[r.MorphTarget.Mode:1]]
[2020.04.04-17.20.55:956][  0]LogConfig: Setting CVar [[vr.InstancedStereo:0]]
[2020.04.04-17.20.55:956][  0]LogConfig: Setting CVar [[vr.MultiView:0]]
[2020.04.04-17.20.55:956][  0]LogConfig: Setting CVar [[vr.MobileMultiView:0]]
[2020.04.04-17.20.55:956][  0]LogConfig: Setting CVar [[vr.MobileMultiView.Direct:0]]
[2020.04.04-17.20.55:956][  0]LogConfig: Setting CVar [[vr.RoundRobinOcclusion:0]]
[2020.04.04-17.20.55:956][  0]LogConfig: Setting CVar [[vr.ODSCapture:0]]
[2020.04.04-17.20.55:956][  0]LogConfig: Setting CVar [[r.WireframeCullThreshold:5.000000]]
[2020.04.04-17.20.55:956][  0]LogConfig: Setting CVar [[r.RayTracing:0]]
[2020.04.04-17.20.55:956][  0]LogConfig: Setting CVar [[r.RayTracing.UseTextureLod:0]]
[2020.04.04-17.20.55:956][  0]LogConfig: Setting CVar [[r.SupportStationarySkylight:1]]
[2020.04.04-17.20.55:957][  0]LogConfig: Setting CVar [[r.SupportLowQualityLightmaps:1]]
[2020.04.04-17.20.55:957][  0]LogConfig: Setting CVar [[r.SupportPointLightWholeSceneShadows:1]]
[2020.04.04-17.20.55:957][  0]LogConfig: Setting CVar [[r.SupportAtmosphericFog:1]]
[2020.04.04-17.20.55:957][  0]LogConfig: Setting CVar [[r.SupportSkyAtmosphere:1]]
[2020.04.04-17.20.55:957][  0]LogConfig: Setting CVar [[r.SupportSkyAtmosphereAffectsHeightFog:0]]
[2020.04.04-17.20.55:957][  0]LogConfig: Setting CVar [[r.SkinCache.CompileShaders:0]]
[2020.04.04-17.20.55:957][  0]LogConfig: Setting CVar [[r.Mobile.EnableStaticAndCSMShadowReceivers:1]]
[2020.04.04-17.20.55:957][  0]LogConfig: Setting CVar [[r.Mobile.EnableMovableLightCSMShaderCulling:1]]
[2020.04.04-17.20.55:957][  0]LogConfig: Setting CVar [[r.Mobile.AllowDistanceFieldShadows:1]]
[2020.04.04-17.20.55:957][  0]LogConfig: Setting CVar [[r.Mobile.AllowMovableDirectionalLights:1]]
[2020.04.04-17.20.55:957][  0]LogConfig: Setting CVar [[r.MobileNumDynamicPointLights:4]]
[2020.04.04-17.20.55:957][  0]LogConfig: Setting CVar [[r.MobileDynamicPointLightsUseStaticBranch:1]]
[2020.04.04-17.20.55:957][  0]LogConfig: Setting CVar [[r.Mobile.EnableMovableSpotlights:0]]
[2020.04.04-17.20.55:957][  0]LogConfig: Setting CVar [[r.SkinCache.SceneMemoryLimitInMB:128.000000]]
[2020.04.04-17.20.55:957][  0]LogConfig: Setting CVar [[r.GPUSkin.Limit2BoneInfluences:0]]
[2020.04.04-17.20.55:957][  0]LogConfig: Setting CVar [[r.SupportDepthOnlyIndexBuffers:1]]
[2020.04.04-17.20.55:957][  0]LogConfig: Setting CVar [[r.SupportReversedIndexBuffers:1]]
[2020.04.04-17.20.55:957][  0]LogConfig: Setting CVar [[r.SupportMaterialLayers:0]]
[2020.04.04-17.20.55:957][  0]LogConfig: Setting CVar [[r.LightPropagationVolume:0]]
[2020.04.04-17.20.55:957][  0]LogConfig: Applying CVar settings from Section [/Script/Engine.RendererOverrideSettings] File [D:/GitHub/4Module/module4/Unreal/FrogDev/Saved/Config/Windows/Engine.ini]
[2020.04.04-17.20.55:957][  0]LogConfig: Applying CVar settings from Section [/Script/Engine.StreamingSettings] File [D:/GitHub/4Module/module4/Unreal/FrogDev/Saved/Config/Windows/Engine.ini]
[2020.04.04-17.20.55:957][  0]LogConfig: Setting CVar [[s.MinBulkDataSizeForAsyncLoading:131072]]
[2020.04.04-17.20.55:957][  0]LogConfig: Setting CVar [[s.AsyncLoadingThreadEnabled:0]]
[2020.04.04-17.20.55:957][  0]LogConfig: Setting CVar [[s.EventDrivenLoaderEnabled:1]]
[2020.04.04-17.20.55:957][  0]LogConfig: Setting CVar [[s.WarnIfTimeLimitExceeded:0]]
[2020.04.04-17.20.55:957][  0]LogConfig: Setting CVar [[s.TimeLimitExceededMultiplier:1.5]]
[2020.04.04-17.20.55:957][  0]LogConfig: Setting CVar [[s.TimeLimitExceededMinTime:0.005]]
[2020.04.04-17.20.55:957][  0]LogConfig: Setting CVar [[s.UseBackgroundLevelStreaming:1]]
[2020.04.04-17.20.55:958][  0]LogConfig: Setting CVar [[s.PriorityAsyncLoadingExtraTime:15.0]]
[2020.04.04-17.20.55:958][  0]LogConfig: Setting CVar [[s.LevelStreamingActorsUpdateTimeLimit:5.0]]
[2020.04.04-17.20.55:958][  0]LogConfig: Setting CVar [[s.PriorityLevelStreamingActorsUpdateExtraTime:5.0]]
[2020.04.04-17.20.55:958][  0]LogConfig: Setting CVar [[s.LevelStreamingComponentsRegistrationGranularity:10]]
[2020.04.04-17.20.55:958][  0]LogConfig: Setting CVar [[s.UnregisterComponentsTimeLimit:1.0]]
[2020.04.04-17.20.55:958][  0]LogConfig: Setting CVar [[s.LevelStreamingComponentsUnregistrationGranularity:5]]
[2020.04.04-17.20.55:958][  0]LogConfig: Setting CVar [[s.FlushStreamingOnExit:1]]
[2020.04.04-17.20.55:958][  0]LogConfig: Applying CVar settings from Section [/Script/Engine.GarbageCollectionSettings] File [D:/GitHub/4Module/module4/Unreal/FrogDev/Saved/Config/Windows/Engine.ini]
[2020.04.04-17.20.55:958][  0]LogConfig: Setting CVar [[gc.MaxObjectsNotConsideredByGC:1]]
[2020.04.04-17.20.55:958][  0]LogConfig: Setting CVar [[gc.SizeOfPermanentObjectPool:0]]
[2020.04.04-17.20.55:958][  0]LogConfig: Setting CVar [[gc.FlushStreamingOnGC:0]]
[2020.04.04-17.20.55:958][  0]LogConfig: Setting CVar [[gc.NumRetriesBeforeForcingGC:10]]
[2020.04.04-17.20.55:958][  0]LogConfig: Setting CVar [[gc.AllowParallelGC:1]]
[2020.04.04-17.20.55:958][  0]LogConfig: Setting CVar [[gc.TimeBetweenPurgingPendingKillObjects:61.1]]
[2020.04.04-17.20.55:958][  0]LogConfig: Setting CVar [[gc.MaxObjectsInEditor:25165824]]
[2020.04.04-17.20.55:958][  0]LogConfig: Setting CVar [[gc.IncrementalBeginDestroyEnabled:1]]
[2020.04.04-17.20.55:958][  0]LogConfig: Setting CVar [[gc.CreateGCClusters:1]]
[2020.04.04-17.20.55:958][  0]LogConfig: Setting CVar [[gc.MinGCClusterSize:5]]
[2020.04.04-17.20.55:958][  0]LogConfig: Setting CVar [[gc.ActorClusteringEnabled:0]]
[2020.04.04-17.20.55:958][  0]LogConfig: Setting CVar [[gc.BlueprintClusteringEnabled:0]]
[2020.04.04-17.20.55:958][  0]LogConfig: Setting CVar [[gc.UseDisregardForGCOnDedicatedServers:0]]
[2020.04.04-17.20.55:958][  0]LogConfig: Applying CVar settings from Section [/Script/Engine.NetworkSettings] File [D:/GitHub/4Module/module4/Unreal/FrogDev/Saved/Config/Windows/Engine.ini]
[2020.04.04-17.20.55:958][  0]LogConfig: Applying CVar settings from Section [/Script/UnrealEd.CookerSettings] File [D:/GitHub/4Module/module4/Unreal/FrogDev/Saved/Config/Windows/Engine.ini]
[2020.04.04-17.20.55:962][  0]LogConfig: Applying CVar settings from Section [ViewDistanceQuality@3] File [D:/GitHub/4Module/module4/Unreal/FrogDev/Saved/Config/Android/Scalability.ini]
[2020.04.04-17.20.55:962][  0]LogConfig: Setting CVar [[r.SkeletalMeshLODBias:0]]
[2020.04.04-17.20.55:963][  0]LogConfig: Setting CVar [[r.ViewDistanceScale:1.0]]
[2020.04.04-17.20.55:963][  0]LogConfig: Applying CVar settings from Section [AntiAliasingQuality@3] File [D:/GitHub/4Module/module4/Unreal/FrogDev/Saved/Config/Android/Scalability.ini]
[2020.04.04-17.20.55:963][  0]LogConfig: Setting CVar [[r.PostProcessAAQuality:4]]
[2020.04.04-17.20.55:963][  0]LogConfig: Applying CVar settings from Section [ShadowQuality@3] File [D:/GitHub/4Module/module4/Unreal/FrogDev/Saved/Config/Android/Scalability.ini]
[2020.04.04-17.20.55:963][  0]LogConfig: Setting CVar [[r.LightFunctionQuality:1]]
[2020.04.04-17.20.55:963][  0]LogConfig: Setting CVar [[r.ShadowQuality:5]]
[2020.04.04-17.20.55:963][  0]LogConfig: Setting CVar [[r.Shadow.CSM.MaxCascades:10]]
[2020.04.04-17.20.55:963][  0]LogConfig: Setting CVar [[r.Shadow.MaxResolution:2048]]
[2020.04.04-17.20.55:963][  0]LogConfig: Setting CVar [[r.Shadow.MaxCSMResolution:2048]]
[2020.04.04-17.20.55:963][  0]LogConfig: Setting CVar [[r.Shadow.RadiusThreshold:0.01]]
[2020.04.04-17.20.55:963][  0]LogConfig: Setting CVar [[r.Shadow.DistanceScale:1.0]]
[2020.04.04-17.20.55:963][  0]LogConfig: Setting CVar [[r.Shadow.CSM.TransitionScale:1.0]]
[2020.04.04-17.20.55:963][  0]LogConfig: Setting CVar [[r.Shadow.PreShadowResolutionFactor:1.0]]
[2020.04.04-17.20.55:963][  0]LogConfig: Setting CVar [[r.DistanceFieldShadowing:1]]
[2020.04.04-17.20.55:963][  0]LogConfig: Setting CVar [[r.DistanceFieldAO:1]]
[2020.04.04-17.20.55:963][  0]LogConfig: Setting CVar [[r.AOQuality:2]]
[2020.04.04-17.20.55:963][  0]LogConfig: Setting CVar [[r.VolumetricFog:1]]
[2020.04.04-17.20.55:963][  0]LogConfig: Setting CVar [[r.VolumetricFog.GridPixelSize:8]]
[2020.04.04-17.20.55:963][  0]LogConfig: Setting CVar [[r.VolumetricFog.GridSizeZ:128]]
[2020.04.04-17.20.55:963][  0]LogConfig: Setting CVar [[r.VolumetricFog.HistoryMissSupersampleCount:4]]
[2020.04.04-17.20.55:963][  0]LogConfig: Setting CVar [[r.LightMaxDrawDistanceScale:1]]
[2020.04.04-17.20.55:963][  0]LogConfig: Setting CVar [[r.CapsuleShadows:1]]
[2020.04.04-17.20.55:963][  0]LogConfig: Applying CVar settings from Section [PostProcessQuality@3] File [D:/GitHub/4Module/module4/Unreal/FrogDev/Saved/Config/Android/Scalability.ini]
[2020.04.04-17.20.55:963][  0]LogConfig: Setting CVar [[r.MotionBlurQuality:4]]
[2020.04.04-17.20.55:963][  0]LogConfig: Setting CVar [[r.AmbientOcclusionMipLevelFactor:0.4]]
[2020.04.04-17.20.55:963][  0]LogConfig: Setting CVar [[r.AmbientOcclusionMaxQuality:100]]
[2020.04.04-17.20.55:963][  0]LogConfig: Setting CVar [[r.AmbientOcclusionLevels:-1]]
[2020.04.04-17.20.55:963][  0]LogConfig: Setting CVar [[r.AmbientOcclusionRadiusScale:1.0]]
[2020.04.04-17.20.55:963][  0]LogConfig: Setting CVar [[r.DepthOfFieldQuality:2]]
[2020.04.04-17.20.55:963][  0]LogConfig: Setting CVar [[r.RenderTargetPoolMin:400]]
[2020.04.04-17.20.55:964][  0]LogConfig: Setting CVar [[r.LensFlareQuality:2]]
[2020.04.04-17.20.55:964][  0]LogConfig: Setting CVar [[r.SceneColorFringeQuality:1]]
[2020.04.04-17.20.55:964][  0]LogConfig: Setting CVar [[r.EyeAdaptationQuality:2]]
[2020.04.04-17.20.55:964][  0]LogConfig: Setting CVar [[r.BloomQuality:5]]
[2020.04.04-17.20.55:964][  0]LogConfig: Setting CVar [[r.FastBlurThreshold:100]]
[2020.04.04-17.20.55:964][  0]LogConfig: Setting CVar [[r.Upscale.Quality:3]]
[2020.04.04-17.20.55:964][  0]LogConfig: Setting CVar [[r.Tonemapper.GrainQuantization:1]]
[2020.04.04-17.20.55:964][  0]LogConfig: Setting CVar [[r.LightShaftQuality:1]]
[2020.04.04-17.20.55:964][  0]LogConfig: Setting CVar [[r.Filter.SizeScale:1]]
[2020.04.04-17.20.55:964][  0]LogConfig: Setting CVar [[r.Tonemapper.Quality:5]]
[2020.04.04-17.20.55:964][  0]LogConfig: Setting CVar [[r.DOF.Gather.AccumulatorQuality:1        ; higher gathering accumulator quality]]
[2020.04.04-17.20.55:964][  0]LogConfig: Setting CVar [[r.DOF.Gather.PostfilterMethod:1          ; Median3x3 postfilering method]]
[2020.04.04-17.20.55:964][  0]LogConfig: Setting CVar [[r.DOF.Gather.EnableBokehSettings:0       ; no bokeh simulation when gathering]]
[2020.04.04-17.20.55:964][  0]LogConfig: Setting CVar [[r.DOF.Gather.RingCount:4                 ; medium number of samples when gathering]]
[2020.04.04-17.20.55:964][  0]LogConfig: Setting CVar [[r.DOF.Scatter.ForegroundCompositing:1    ; additive foreground scattering]]
[2020.04.04-17.20.55:964][  0]LogConfig: Setting CVar [[r.DOF.Scatter.BackgroundCompositing:2    ; additive background scattering]]
[2020.04.04-17.20.55:964][  0]LogConfig: Setting CVar [[r.DOF.Scatter.EnableBokehSettings:1      ; bokeh simulation when scattering]]
[2020.04.04-17.20.55:964][  0]LogConfig: Setting CVar [[r.DOF.Scatter.MaxSpriteRatio:0.1         ; only a maximum of 10% of scattered bokeh]]
[2020.04.04-17.20.55:964][  0]LogConfig: Setting CVar [[r.DOF.Recombine.Quality:1                ; cheap slight out of focus]]
[2020.04.04-17.20.55:964][  0]LogConfig: Setting CVar [[r.DOF.Recombine.EnableBokehSettings:0    ; no bokeh simulation on slight out of focus]]
[2020.04.04-17.20.55:964][  0]LogConfig: Setting CVar [[r.DOF.TemporalAAQuality:1                ; more stable temporal accumulation]]
[2020.04.04-17.20.55:964][  0]LogConfig: Setting CVar [[r.DOF.Kernel.MaxForegroundRadius:0.025]]
[2020.04.04-17.20.55:964][  0]LogConfig: Setting CVar [[r.DOF.Kernel.MaxBackgroundRadius:0.025]]
[2020.04.04-17.20.55:964][  0]LogConfig: Applying CVar settings from Section [TextureQuality@3] File [D:/GitHub/4Module/module4/Unreal/FrogDev/Saved/Config/Android/Scalability.ini]
[2020.04.04-17.20.55:964][  0]LogConfig: Setting CVar [[r.Streaming.MipBias:0]]
[2020.04.04-17.20.55:964][  0]LogConfig: Setting CVar [[r.Streaming.AmortizeCPUToGPUCopy:0]]
[2020.04.04-17.20.55:964][  0]LogConfig: Setting CVar [[r.Streaming.MaxNumTexturesToStreamPerFrame:0]]
[2020.04.04-17.20.55:965][  0]LogConfig: Setting CVar [[r.Streaming.Boost:1]]
[2020.04.04-17.20.55:965][  0]LogConfig: Setting CVar [[r.MaxAnisotropy:8]]
[2020.04.04-17.20.55:965][  0]LogConfig: Setting CVar [[r.VT.MaxAnisotropy:8]]
[2020.04.04-17.20.55:965][  0]LogConfig: Setting CVar [[r.Streaming.LimitPoolSizeToVRAM:0]]
[2020.04.04-17.20.55:965][  0]LogConfig: Setting CVar [[r.Streaming.PoolSize:1000]]
[2020.04.04-17.20.55:965][  0]LogConfig: Setting CVar [[r.Streaming.MaxEffectiveScreenSize:0]]
[2020.04.04-17.20.55:965][  0]LogConfig: Applying CVar settings from Section [EffectsQuality@3] File [D:/GitHub/4Module/module4/Unreal/FrogDev/Saved/Config/Android/Scalability.ini]
[2020.04.04-17.20.55:965][  0]LogConfig: Setting CVar [[r.TranslucencyLightingVolumeDim:64]]
[2020.04.04-17.20.55:965][  0]LogConfig: Setting CVar [[r.RefractionQuality:2]]
[2020.04.04-17.20.55:965][  0]LogConfig: Setting CVar [[r.SSR.Quality:3]]
[2020.04.04-17.20.55:965][  0]LogConfig: Setting CVar [[r.SSR.HalfResSceneColor:0]]
[2020.04.04-17.20.55:965][  0]LogConfig: Setting CVar [[r.SceneColorFormat:4]]
[2020.04.04-17.20.55:965][  0]LogConfig: Setting CVar [[r.DetailMode:2]]
[2020.04.04-17.20.55:965][  0]LogConfig: Setting CVar [[r.TranslucencyVolumeBlur:1]]
[2020.04.04-17.20.55:965][  0]LogConfig: Setting CVar [[r.MaterialQualityLevel:1 ; High quality]]
[2020.04.04-17.20.55:965][  0]LogConfig: Setting CVar [[r.SSS.Scale:1]]
[2020.04.04-17.20.55:965][  0]LogConfig: Setting CVar [[r.SSS.SampleSet:2]]
[2020.04.04-17.20.55:965][  0]LogConfig: Setting CVar [[r.SSS.Quality:1]]
[2020.04.04-17.20.55:965][  0]LogConfig: Setting CVar [[r.SSS.HalfRes:1]]
[2020.04.04-17.20.55:965][  0]LogConfig: Setting CVar [[r.SSGI.Quality:3]]
[2020.04.04-17.20.55:965][  0]LogConfig: Setting CVar [[r.EmitterSpawnRateScale:1.0]]
[2020.04.04-17.20.55:965][  0]LogConfig: Setting CVar [[r.ParticleLightQuality:2]]
[2020.04.04-17.20.55:965][  0]LogConfig: Setting CVar [[r.SkyAtmosphere.AerialPerspectiveLUT.FastApplyOnOpaque:1 ; Always have FastSkyLUT 1 in this case to avoid wrong sky]]
[2020.04.04-17.20.55:965][  0]LogConfig: Setting CVar [[r.SkyAtmosphere.AerialPerspectiveLUT.SampleCountPerSlice:1]]
[2020.04.04-17.20.55:965][  0]LogConfig: Setting CVar [[r.SkyAtmosphere.AerialPerspectiveLUT.DepthResolution:4]]
[2020.04.04-17.20.55:965][  0]LogConfig: Setting CVar [[r.SkyAtmosphere.FastSkyLUT:1]]
[2020.04.04-17.20.55:965][  0]LogConfig: Setting CVar [[r.SkyAtmosphere.FastSkyLUT.SampleCountMin:1.0]]
[2020.04.04-17.20.55:965][  0]LogConfig: Setting CVar [[r.SkyAtmosphere.FastSkyLUT.SampleCountMax:8.0]]
[2020.04.04-17.20.55:966][  0]LogConfig: Setting CVar [[r.SkyAtmosphere.SampleCountMin:4.0]]
[2020.04.04-17.20.55:966][  0]LogConfig: Setting CVar [[r.SkyAtmosphere.SampleCountMax:32.0]]
[2020.04.04-17.20.55:966][  0]LogConfig: Setting CVar [[r.SkyAtmosphere.TransmittanceLUT.UseSmallFormat:1]]
[2020.04.04-17.20.55:966][  0]LogConfig: Setting CVar [[r.SkyAtmosphere.TransmittanceLUT.SampleCount:10.0]]
[2020.04.04-17.20.55:966][  0]LogConfig: Setting CVar [[r.SkyAtmosphere.MultiScatteringLUT.SampleCount:15.0]]
[2020.04.04-17.20.55:966][  0]LogConfig: Setting CVar [[r.SkyAtmosphere.FastSkyLUT.Width:96]]
[2020.04.04-17.20.55:966][  0]LogConfig: Setting CVar [[r.SkyAtmosphere.FastSkyLUT.Height:50]]
[2020.04.04-17.20.55:966][  0]LogConfig: Applying CVar settings from Section [FoliageQuality@3] File [D:/GitHub/4Module/module4/Unreal/FrogDev/Saved/Config/Android/Scalability.ini]
[2020.04.04-17.20.55:966][  0]LogConfig: Setting CVar [[foliage.DensityScale:1.0]]
[2020.04.04-17.20.55:966][  0]LogConfig: Setting CVar [[grass.DensityScale:1.0]]
[2020.04.04-17.20.55:966][  0]LogConfig: Applying CVar settings from Section [ShadingQuality@3] File [D:/GitHub/4Module/module4/Unreal/FrogDev/Saved/Config/Android/Scalability.ini]
[2020.04.04-17.20.55:966][  0]LogConfig: Setting CVar [[r.HairStrands.SkyLighting.SampleCount:16]]
[2020.04.04-17.20.55:966][  0]LogConfig: Setting CVar [[r.HairStrands.SkyLighting.JitterIntegration:0]]
[2020.04.04-17.20.55:966][  0]LogConfig: Setting CVar [[r.HairStrands.SkyAO.SampleCount:16]]
[2020.04.04-17.20.55:966][  0]LogInit: Selected Device Profile: [Windows]
[2020.04.04-17.20.56:067][  0]LogAndroidDPSelector: Checking 35 rules from DeviceProfile ini file.
[2020.04.04-17.20.56:067][  0]LogAndroidDPSelector:   Default profile: 
[2020.04.04-17.20.56:067][  0]LogAndroidDPSelector:   GpuFamily: Adreno (TM) 630
[2020.04.04-17.20.56:067][  0]LogAndroidDPSelector:   GlVersion: OpenGL ES 3.2 V@278.0 (GIT@bafb8dc, Ic43eb7c732) (Date:02/01/18)
[2020.04.04-17.20.56:067][  0]LogAndroidDPSelector:   VulkanAvailable: false
[2020.04.04-17.20.56:067][  0]LogAndroidDPSelector:   VulkanVersion: 0.0.0
[2020.04.04-17.20.56:067][  0]LogAndroidDPSelector:   AndroidVersion: 8.0.0
[2020.04.04-17.20.56:067][  0]LogAndroidDPSelector:   DeviceMake: samsung
[2020.04.04-17.20.56:067][  0]LogAndroidDPSelector:   DeviceModel: SM_G960U
[2020.04.04-17.20.56:067][  0]LogAndroidDPSelector:   DeviceBuildNumber: 
[2020.04.04-17.20.56:067][  0]LogAndroidDPSelector:   UsingHoudini: false
[2020.04.04-17.20.56:067][  0]LogAndroidDPSelector:   Hardware: 
[2020.04.04-17.20.56:067][  0]LogAndroidDPSelector:   Chipset: 
[2020.04.04-17.20.56:128][  0]LogAndroidDPSelector: Selected Device Profile: [Android_Adreno6xx]
[2020.04.04-17.20.56:128][  0]LogInit: Applying CVar settings loaded from the selected device profile: [Android_Adreno6xx]
[2020.04.04-17.20.56:128][  0]LogHAL: Display: Platform has ~ 8 GB [8528601088 / 8589934592 / 8], which maps to Default [LargestMinGB=32, LargerMinGB=12, DefaultMinGB=8, SmallerMinGB=6, SmallestMinGB=0)
[2020.04.04-17.20.56:128][  0]LogInit: Warning: Creating unregistered Device Profile CVar: [[r.DisjointTimerQueries:1]]
[2020.04.04-17.20.56:128][  0]LogInit: Going up to parent DeviceProfile [Android_High]
[2020.04.04-17.20.56:128][  0]LogConfig: Setting CVar [[r.BloomQuality:1]]
[2020.04.04-17.20.56:128][  0]LogConfig: Setting CVar [[r.DepthOfFieldQuality:1]]
[2020.04.04-17.20.56:128][  0]LogConfig: Setting CVar [[r.LightShaftQuality:1]]
[2020.04.04-17.20.56:128][  0]LogConfig: Setting CVar [[r.RefractionQuality:1]]
[2020.04.04-17.20.56:128][  0]LogConfig: Setting CVar [[r.MobileContentScaleFactor:1.0]]
[2020.04.04-17.20.56:128][  0]LogInit: Going up to parent DeviceProfile [Android]
[2020.04.04-17.20.56:128][  0]LogConfig: Setting CVar [[r.ShadowQuality:2]]
[2020.04.04-17.20.56:128][  0]LogConfig: Setting CVar [[slate.AbsoluteIndices:1]]
[2020.04.04-17.20.56:128][  0]LogConfig: Setting CVar [[r.Vulkan.DelayAcquireBackBuffer:2]]
[2020.04.04-17.20.56:129][  0]LogConfig: Setting CVar [[r.Vulkan.RobustBufferAccess:1]]
[2020.04.04-17.20.56:129][  0]LogConfig: Setting CVar [[r.Vulkan.DescriptorSetLayoutMode:2]]
[2020.04.04-17.20.56:129][  0]LogInit: Going up to parent DeviceProfile []
[2020.04.04-17.20.56:129][  0]LogConfig: Applying CVar settings from Section [ViewDistanceQuality@3] File [D:/GitHub/4Module/module4/Unreal/FrogDev/Saved/Config/Android/Scalability.ini]
[2020.04.04-17.20.56:129][  0]LogConfig: Setting CVar [[r.SkeletalMeshLODBias:0]]
[2020.04.04-17.20.56:129][  0]LogConfig: Setting CVar [[r.ViewDistanceScale:1.0]]
[2020.04.04-17.20.56:129][  0]LogConfig: Applying CVar settings from Section [AntiAliasingQuality@3] File [D:/GitHub/4Module/module4/Unreal/FrogDev/Saved/Config/Android/Scalability.ini]
[2020.04.04-17.20.56:129][  0]LogConfig: Setting CVar [[r.PostProcessAAQuality:4]]
[2020.04.04-17.20.56:129][  0]LogConfig: Applying CVar settings from Section [ShadowQuality@3] File [D:/GitHub/4Module/module4/Unreal/FrogDev/Saved/Config/Android/Scalability.ini]
[2020.04.04-17.20.56:129][  0]LogConfig: Setting CVar [[r.LightFunctionQuality:1]]
[2020.04.04-17.20.56:129][  0]LogConfig: Setting CVar [[r.ShadowQuality:5]]
[2020.04.04-17.20.56:129][  0]LogConsoleManager: Setting the console variable 'r.ShadowQuality' with 'SetByScalability' was ignored as it is lower priority than the previous 'SetByDeviceProfile'. Value remains '2'
[2020.04.04-17.20.56:129][  0]LogConfig: Setting CVar [[r.Shadow.CSM.MaxCascades:10]]
[2020.04.04-17.20.56:129][  0]LogConfig: Setting CVar [[r.Shadow.MaxResolution:2048]]
[2020.04.04-17.20.56:129][  0]LogConfig: Setting CVar [[r.Shadow.MaxCSMResolution:2048]]
[2020.04.04-17.20.56:129][  0]LogConfig: Setting CVar [[r.Shadow.RadiusThreshold:0.01]]
[2020.04.04-17.20.56:129][  0]LogConfig: Setting CVar [[r.Shadow.DistanceScale:1.0]]
[2020.04.04-17.20.56:129][  0]LogConfig: Setting CVar [[r.Shadow.CSM.TransitionScale:1.0]]
[2020.04.04-17.20.56:129][  0]LogConfig: Setting CVar [[r.Shadow.PreShadowResolutionFactor:1.0]]
[2020.04.04-17.20.56:129][  0]LogConfig: Setting CVar [[r.DistanceFieldShadowing:1]]
[2020.04.04-17.20.56:129][  0]LogConfig: Setting CVar [[r.DistanceFieldAO:1]]
[2020.04.04-17.20.56:129][  0]LogConfig: Setting CVar [[r.AOQuality:2]]
[2020.04.04-17.20.56:129][  0]LogConfig: Setting CVar [[r.VolumetricFog:1]]
[2020.04.04-17.20.56:129][  0]LogConfig: Setting CVar [[r.VolumetricFog.GridPixelSize:8]]
[2020.04.04-17.20.56:129][  0]LogConfig: Setting CVar [[r.VolumetricFog.GridSizeZ:128]]
[2020.04.04-17.20.56:129][  0]LogConfig: Setting CVar [[r.VolumetricFog.HistoryMissSupersampleCount:4]]
[2020.04.04-17.20.56:129][  0]LogConfig: Setting CVar [[r.LightMaxDrawDistanceScale:1]]
[2020.04.04-17.20.56:129][  0]LogConfig: Setting CVar [[r.CapsuleShadows:1]]
[2020.04.04-17.20.56:129][  0]LogConfig: Applying CVar settings from Section [PostProcessQuality@3] File [D:/GitHub/4Module/module4/Unreal/FrogDev/Saved/Config/Android/Scalability.ini]
[2020.04.04-17.20.56:129][  0]LogConfig: Setting CVar [[r.MotionBlurQuality:4]]
[2020.04.04-17.20.56:129][  0]LogConfig: Setting CVar [[r.AmbientOcclusionMipLevelFactor:0.4]]
[2020.04.04-17.20.56:129][  0]LogConfig: Setting CVar [[r.AmbientOcclusionMaxQuality:100]]
[2020.04.04-17.20.56:129][  0]LogConfig: Setting CVar [[r.AmbientOcclusionLevels:-1]]
[2020.04.04-17.20.56:130][  0]LogConfig: Setting CVar [[r.AmbientOcclusionRadiusScale:1.0]]
[2020.04.04-17.20.56:130][  0]LogConfig: Setting CVar [[r.DepthOfFieldQuality:2]]
[2020.04.04-17.20.56:130][  0]LogConsoleManager: Setting the console variable 'r.DepthOfFieldQuality' with 'SetByScalability' was ignored as it is lower priority than the previous 'SetByDeviceProfile'. Value remains '1'
[2020.04.04-17.20.56:130][  0]LogConfig: Setting CVar [[r.RenderTargetPoolMin:400]]
[2020.04.04-17.20.56:130][  0]LogConfig: Setting CVar [[r.LensFlareQuality:2]]
[2020.04.04-17.20.56:130][  0]LogConfig: Setting CVar [[r.SceneColorFringeQuality:1]]
[2020.04.04-17.20.56:130][  0]LogConfig: Setting CVar [[r.EyeAdaptationQuality:2]]
[2020.04.04-17.20.56:130][  0]LogConfig: Setting CVar [[r.BloomQuality:5]]
[2020.04.04-17.20.56:130][  0]LogConsoleManager: Setting the console variable 'r.BloomQuality' with 'SetByScalability' was ignored as it is lower priority than the previous 'SetByDeviceProfile'. Value remains '1'
[2020.04.04-17.20.56:130][  0]LogConfig: Setting CVar [[r.FastBlurThreshold:100]]
[2020.04.04-17.20.56:130][  0]LogConfig: Setting CVar [[r.Upscale.Quality:3]]
[2020.04.04-17.20.56:130][  0]LogConfig: Setting CVar [[r.Tonemapper.GrainQuantization:1]]
[2020.04.04-17.20.56:130][  0]LogConfig: Setting CVar [[r.LightShaftQuality:1]]
[2020.04.04-17.20.56:130][  0]LogConsoleManager: Setting the console variable 'r.LightShaftQuality' with 'SetByScalability' was ignored as it is lower priority than the previous 'SetByDeviceProfile'. Value remains '1'
[2020.04.04-17.20.56:130][  0]LogConfig: Setting CVar [[r.Filter.SizeScale:1]]
[2020.04.04-17.20.56:130][  0]LogConfig: Setting CVar [[r.Tonemapper.Quality:5]]
[2020.04.04-17.20.56:130][  0]LogConfig: Setting CVar [[r.DOF.Gather.AccumulatorQuality:1        ; higher gathering accumulator quality]]
[2020.04.04-17.20.56:130][  0]LogConfig: Setting CVar [[r.DOF.Gather.PostfilterMethod:1          ; Median3x3 postfilering method]]
[2020.04.04-17.20.56:130][  0]LogConfig: Setting CVar [[r.DOF.Gather.EnableBokehSettings:0       ; no bokeh simulation when gathering]]
[2020.04.04-17.20.56:130][  0]LogConfig: Setting CVar [[r.DOF.Gather.RingCount:4                 ; medium number of samples when gathering]]
[2020.04.04-17.20.56:130][  0]LogConfig: Setting CVar [[r.DOF.Scatter.ForegroundCompositing:1    ; additive foreground scattering]]
[2020.04.04-17.20.56:130][  0]LogConfig: Setting CVar [[r.DOF.Scatter.BackgroundCompositing:2    ; additive background scattering]]
[2020.04.04-17.20.56:130][  0]LogConfig: Setting CVar [[r.DOF.Scatter.EnableBokehSettings:1      ; bokeh simulation when scattering]]
[2020.04.04-17.20.56:130][  0]LogConfig: Setting CVar [[r.DOF.Scatter.MaxSpriteRatio:0.1         ; only a maximum of 10% of scattered bokeh]]
[2020.04.04-17.20.56:130][  0]LogConfig: Setting CVar [[r.DOF.Recombine.Quality:1                ; cheap slight out of focus]]
[2020.04.04-17.20.56:130][  0]LogConfig: Setting CVar [[r.DOF.Recombine.EnableBokehSettings:0    ; no bokeh simulation on slight out of focus]]
[2020.04.04-17.20.56:130][  0]LogConfig: Setting CVar [[r.DOF.TemporalAAQuality:1                ; more stable temporal accumulation]]
[2020.04.04-17.20.56:130][  0]LogConfig: Setting CVar [[r.DOF.Kernel.MaxForegroundRadius:0.025]]
[2020.04.04-17.20.56:130][  0]LogConfig: Setting CVar [[r.DOF.Kernel.MaxBackgroundRadius:0.025]]
[2020.04.04-17.20.56:130][  0]LogConfig: Applying CVar settings from Section [TextureQuality@3] File [D:/GitHub/4Module/module4/Unreal/FrogDev/Saved/Config/Android/Scalability.ini]
[2020.04.04-17.20.56:130][  0]LogConfig: Setting CVar [[r.Streaming.MipBias:0]]
[2020.04.04-17.20.56:130][  0]LogConfig: Setting CVar [[r.Streaming.AmortizeCPUToGPUCopy:0]]
[2020.04.04-17.20.56:130][  0]LogConfig: Setting CVar [[r.Streaming.MaxNumTexturesToStreamPerFrame:0]]
[2020.04.04-17.20.56:130][  0]LogConfig: Setting CVar [[r.Streaming.Boost:1]]
[2020.04.04-17.20.56:131][  0]LogConfig: Setting CVar [[r.MaxAnisotropy:8]]
[2020.04.04-17.20.56:131][  0]LogConfig: Setting CVar [[r.VT.MaxAnisotropy:8]]
[2020.04.04-17.20.56:131][  0]LogConfig: Setting CVar [[r.Streaming.LimitPoolSizeToVRAM:0]]
[2020.04.04-17.20.56:131][  0]LogConfig: Setting CVar [[r.Streaming.PoolSize:1000]]
[2020.04.04-17.20.56:131][  0]LogConfig: Setting CVar [[r.Streaming.MaxEffectiveScreenSize:0]]
[2020.04.04-17.20.56:131][  0]LogConfig: Applying CVar settings from Section [EffectsQuality@3] File [D:/GitHub/4Module/module4/Unreal/FrogDev/Saved/Config/Android/Scalability.ini]
[2020.04.04-17.20.56:131][  0]LogConfig: Setting CVar [[r.TranslucencyLightingVolumeDim:64]]
[2020.04.04-17.20.56:131][  0]LogConfig: Setting CVar [[r.RefractionQuality:2]]
[2020.04.04-17.20.56:131][  0]LogConsoleManager: Setting the console variable 'r.RefractionQuality' with 'SetByScalability' was ignored as it is lower priority than the previous 'SetByDeviceProfile'. Value remains '1'
[2020.04.04-17.20.56:131][  0]LogConfig: Setting CVar [[r.SSR.Quality:3]]
[2020.04.04-17.20.56:131][  0]LogConfig: Setting CVar [[r.SSR.HalfResSceneColor:0]]
[2020.04.04-17.20.56:131][  0]LogConfig: Setting CVar [[r.SceneColorFormat:4]]
[2020.04.04-17.20.56:131][  0]LogConfig: Setting CVar [[r.DetailMode:2]]
[2020.04.04-17.20.56:131][  0]LogConfig: Setting CVar [[r.TranslucencyVolumeBlur:1]]
[2020.04.04-17.20.56:131][  0]LogConfig: Setting CVar [[r.MaterialQualityLevel:1 ; High quality]]
[2020.04.04-17.20.56:131][  0]LogConfig: Setting CVar [[r.SSS.Scale:1]]
[2020.04.04-17.20.56:131][  0]LogConfig: Setting CVar [[r.SSS.SampleSet:2]]
[2020.04.04-17.20.56:131][  0]LogConfig: Setting CVar [[r.SSS.Quality:1]]
[2020.04.04-17.20.56:131][  0]LogConfig: Setting CVar [[r.SSS.HalfRes:1]]
[2020.04.04-17.20.56:131][  0]LogConfig: Setting CVar [[r.SSGI.Quality:3]]
[2020.04.04-17.20.56:131][  0]LogConfig: Setting CVar [[r.EmitterSpawnRateScale:1.0]]
[2020.04.04-17.20.56:131][  0]LogConfig: Setting CVar [[r.ParticleLightQuality:2]]
[2020.04.04-17.20.56:131][  0]LogConfig: Setting CVar [[r.SkyAtmosphere.AerialPerspectiveLUT.FastApplyOnOpaque:1 ; Always have FastSkyLUT 1 in this case to avoid wrong sky]]
[2020.04.04-17.20.56:131][  0]LogConfig: Setting CVar [[r.SkyAtmosphere.AerialPerspectiveLUT.SampleCountPerSlice:1]]
[2020.04.04-17.20.56:131][  0]LogConfig: Setting CVar [[r.SkyAtmosphere.AerialPerspectiveLUT.DepthResolution:4]]
[2020.04.04-17.20.56:131][  0]LogConfig: Setting CVar [[r.SkyAtmosphere.FastSkyLUT:1]]
[2020.04.04-17.20.56:131][  0]LogConfig: Setting CVar [[r.SkyAtmosphere.FastSkyLUT.SampleCountMin:1.0]]
[2020.04.04-17.20.56:131][  0]LogConfig: Setting CVar [[r.SkyAtmosphere.FastSkyLUT.SampleCountMax:8.0]]
[2020.04.04-17.20.56:131][  0]LogConfig: Setting CVar [[r.SkyAtmosphere.SampleCountMin:4.0]]
[2020.04.04-17.20.56:131][  0]LogConfig: Setting CVar [[r.SkyAtmosphere.SampleCountMax:32.0]]
[2020.04.04-17.20.56:131][  0]LogConfig: Setting CVar [[r.SkyAtmosphere.TransmittanceLUT.UseSmallFormat:1]]
[2020.04.04-17.20.56:131][  0]LogConfig: Setting CVar [[r.SkyAtmosphere.TransmittanceLUT.SampleCount:10.0]]
[2020.04.04-17.20.56:131][  0]LogConfig: Setting CVar [[r.SkyAtmosphere.MultiScatteringLUT.SampleCount:15.0]]
[2020.04.04-17.20.56:131][  0]LogConfig: Setting CVar [[r.SkyAtmosphere.FastSkyLUT.Width:96]]
[2020.04.04-17.20.56:132][  0]LogConfig: Setting CVar [[r.SkyAtmosphere.FastSkyLUT.Height:50]]
[2020.04.04-17.20.56:132][  0]LogConfig: Applying CVar settings from Section [FoliageQuality@3] File [D:/GitHub/4Module/module4/Unreal/FrogDev/Saved/Config/Android/Scalability.ini]
[2020.04.04-17.20.56:132][  0]LogConfig: Setting CVar [[foliage.DensityScale:1.0]]
[2020.04.04-17.20.56:132][  0]LogConfig: Setting CVar [[grass.DensityScale:1.0]]
[2020.04.04-17.20.56:132][  0]LogConfig: Applying CVar settings from Section [ShadingQuality@3] File [D:/GitHub/4Module/module4/Unreal/FrogDev/Saved/Config/Android/Scalability.ini]
[2020.04.04-17.20.56:132][  0]LogConfig: Setting CVar [[r.HairStrands.SkyLighting.SampleCount:16]]
[2020.04.04-17.20.56:132][  0]LogConfig: Setting CVar [[r.HairStrands.SkyLighting.JitterIntegration:0]]
[2020.04.04-17.20.56:132][  0]LogConfig: Setting CVar [[r.HairStrands.SkyAO.SampleCount:16]]
[2020.04.04-17.20.56:132][  0]LogConfig: Applying CVar settings from Section [Startup] File [../../../Engine/Config/ConsoleVariables.ini]
[2020.04.04-17.20.56:132][  0]LogConfig: Setting CVar [[net.UseAdaptiveNetUpdateFrequency:0]]
[2020.04.04-17.20.56:132][  0]LogConfig: Setting CVar [[p.chaos.AllowCreatePhysxBodies:1]]
[2020.04.04-17.20.56:132][  0]LogConfig: Applying CVar settings from Section [ConsoleVariables] File [D:/GitHub/4Module/module4/Unreal/FrogDev/Saved/Config/Windows/Engine.ini]
[2020.04.04-17.20.56:132][  0]LogInit: Computer: DESKTOP-SPAGJFU
[2020.04.04-17.20.56:132][  0]LogInit: User: andre
[2020.04.04-17.20.56:132][  0]LogInit: CPU Page size=4096, Cores=4
[2020.04.04-17.20.56:132][  0]LogInit: High frequency timer resolution =10.000000 MHz
[2020.04.04-17.20.56:133][  0]LogMemory: Memory total: Physical=7.9GB (8GB approx)
[2020.04.04-17.20.56:133][  0]LogMemory: Platform Memory Stats for Windows
[2020.04.04-17.20.56:133][  0]LogMemory: Process Physical Memory: 106.95 MB used, 106.96 MB peak
[2020.04.04-17.20.56:133][  0]LogMemory: Process Virtual Memory: 100.39 MB used, 100.39 MB peak
[2020.04.04-17.20.56:133][  0]LogMemory: Physical Memory: 6426.19 MB used,  1707.32 MB free, 8133.51 MB total
[2020.04.04-17.20.56:133][  0]LogMemory: Virtual Memory: 5137.78 MB used,  134212592.00 MB free, 134217728.00 MB total
[2020.04.04-17.20.56:137][  0]LogWindows: WindowsPlatformFeatures enabled
[2020.04.04-17.20.56:166][  0]LogInit: Using OS detected language (en-US).
[2020.04.04-17.20.56:166][  0]LogInit: Using OS detected locale (en-US).
[2020.04.04-17.20.56:166][  0]LogTextLocalizationManager: No specific localization for 'en-US' exists, so the 'en' localization will be used.
[2020.04.04-17.20.56:496][  0]LogInit: Setting process to per monitor DPI aware
[2020.04.04-17.20.56:557][  0]LogSlate: New Slate User Created.  User Index 0, Is Virtual User: 0
[2020.04.04-17.20.56:557][  0]LogSlate: Slate User Registered.  User Index 0, Is Virtual User: 0
[2020.04.04-17.20.56:571][  0]LogHMD: Failed to initialize OpenVR with code 110
[2020.04.04-17.20.56:571][  0]LogD3D11RHI: D3D11 min allowed feature level: 11_0
[2020.04.04-17.20.56:571][  0]LogD3D11RHI: D3D11 max allowed feature level: 11_0
[2020.04.04-17.20.56:571][  0]LogD3D11RHI: D3D11 adapters:
[2020.04.04-17.20.56:700][  0]LogD3D11RHI:    0. 'NVIDIA GeForce GTX 980' (Feature Level 11_0)
[2020.04.04-17.20.56:700][  0]LogD3D11RHI:       4053/0/4066 MB DedicatedVideo/DedicatedSystem/SharedSystem, Outputs:1, VendorId:0x10de
[2020.04.04-17.20.56:705][  0]LogD3D11RHI:    1. 'Microsoft Basic Render Driver' (Feature Level 11_0)
[2020.04.04-17.20.56:705][  0]LogD3D11RHI:       0/0/4066 MB DedicatedVideo/DedicatedSystem/SharedSystem, Outputs:0, VendorId:0x1414
[2020.04.04-17.20.56:705][  0]LogD3D11RHI: Chosen D3D11 Adapter: 0
[2020.04.04-17.20.56:721][  0]LogD3D11RHI: Creating new Direct3DDevice
[2020.04.04-17.20.56:721][  0]LogD3D11RHI:     GPU DeviceId: 0x13c0 (for the marketing name, search the web for "GPU Device Id")
[2020.04.04-17.20.56:721][  0]LogWindows: EnumDisplayDevices:
[2020.04.04-17.20.56:722][  0]LogWindows:    0. 'NVIDIA GeForce GTX 980' (P:1 D:1)
[2020.04.04-17.20.56:722][  0]LogWindows:    1. 'NVIDIA GeForce GTX 980' (P:0 D:0)
[2020.04.04-17.20.56:722][  0]LogWindows:    2. 'NVIDIA GeForce GTX 980' (P:0 D:0)
[2020.04.04-17.20.56:723][  0]LogWindows:    3. 'NVIDIA GeForce GTX 980' (P:0 D:0)
[2020.04.04-17.20.56:723][  0]LogWindows: DebugString: FoundDriverCount:4 
[2020.04.04-17.20.56:723][  0]LogD3D11RHI:     Adapter Name: NVIDIA GeForce GTX 980
[2020.04.04-17.20.56:723][  0]LogD3D11RHI:   Driver Version: 445.75 (internal:26.21.14.4575, unified:445.75)
[2020.04.04-17.20.56:723][  0]LogD3D11RHI:      Driver Date: 3-17-2020
[2020.04.04-17.20.56:723][  0]LogRHI: Texture pool is 2837 MB (70% of 4053 MB)
[2020.04.04-17.20.56:815][  0]LogD3D11RHI: RHI has support for 64 bit atomics
[2020.04.04-17.20.56:815][  0]LogD3D11RHI: Async texture creation enabled
[2020.04.04-17.20.56:854][  0]LogD3D11RHI: GPU Timing Frequency: 1000.000000 (Debug: 2 1)
[2020.04.04-17.20.57:939][  0]LogTargetPlatformManager: Display: Loaded TargetPlatform 'WindowsNoEditor'
[2020.04.04-17.20.57:944][  0]LogTargetPlatformManager: Display: Loaded TargetPlatform 'Windows'
[2020.04.04-17.20.57:956][  0]LogTargetPlatformManager: Display: Loaded TargetPlatform 'WindowsClient'
[2020.04.04-17.20.57:984][  0]LogTargetPlatformManager: Display: Loaded TargetPlatform 'WindowsServer'
[2020.04.04-17.20.57:984][  0]LogTargetPlatformManager: Display: Building Assets For Windows
[2020.04.04-17.20.57:987][  0]LogAudioDebug: Display: Lib vorbis DLL was dynamically loaded.
[2020.04.04-17.20.58:019][  0]LogShaderCompilers: Guid format shader working directory is -6 characters bigger than the processId version (../../../../../GitHub/4Module/module4/Unreal/FrogDev/Intermediate/Shaders/WorkingDirectory/2468/).
[2020.04.04-17.20.58:019][  0]LogShaderCompilers: Cleaned the shader compiler working directory 'C:/Users/andre/AppData/Local/Temp/UnrealShaderWorkingDir/02A27A4C4B1B8BD75C066D82CD6B0FF6/'.
[2020.04.04-17.20.58:020][  0]LogXGEController: Cannot use XGE Controller as Incredibuild is not installed on this machine.
[2020.04.04-17.20.58:020][  0]LogShaderCompilers: Cannot use XGE Shader Compiler as Incredibuild is not installed on this machine.
[2020.04.04-17.20.58:020][  0]LogShaderCompilers: Display: Using Local Shader Compiler.
[2020.04.04-17.20.59:155][  0]LogDerivedDataCache: Display: Max Cache Size: 512 MB
[2020.04.04-17.20.59:277][  0]LogDerivedDataCache: Loaded boot cache 0.12s 78MB C:/Users/andre/AppData/Local/UnrealEngine/4.24/DerivedDataCache/Boot.ddc.
[2020.04.04-17.20.59:277][  0]LogDerivedDataCache: Display: Loaded Boot cache: C:/Users/andre/AppData/Local/UnrealEngine/4.24/DerivedDataCache/Boot.ddc
[2020.04.04-17.20.59:277][  0]LogDerivedDataCache: FDerivedDataBackendGraph:  Pak pak cache file ../../../../../GitHub/4Module/module4/Unreal/FrogDev/DerivedDataCache/DDC.ddp not found, will not use a pak cache.
[2020.04.04-17.20.59:277][  0]LogDerivedDataCache: Unable to find inner node Pak for hierarchical cache Hierarchy.
[2020.04.04-17.20.59:277][  0]LogDerivedDataCache: FDerivedDataBackendGraph:  CompressedPak pak cache file ../../../../../GitHub/4Module/module4/Unreal/FrogDev/DerivedDataCache/Compressed.ddp not found, will not use a pak cache.
[2020.04.04-17.20.59:277][  0]LogDerivedDataCache: Unable to find inner node CompressedPak for hierarchical cache Hierarchy.
[2020.04.04-17.20.59:293][  0]LogDerivedDataCache: Display: Pak cache opened for reading ../../../Engine/DerivedDataCache/Compressed.ddp.
[2020.04.04-17.20.59:293][  0]LogDerivedDataCache: FDerivedDataBackendGraph:  EnterprisePak pak cache file ../../../Enterprise/DerivedDataCache/Compressed.ddp not found, will not use a pak cache.
[2020.04.04-17.20.59:293][  0]LogDerivedDataCache: Unable to find inner node EnterprisePak for hierarchical cache Hierarchy.
[2020.04.04-17.20.59:295][  0]LogDerivedDataCache: Using Local data cache path C:/Users/andre/AppData/Local/UnrealEngine/Common/DerivedDataCache: Writable
[2020.04.04-17.20.59:295][  0]LogDerivedDataCache: Shared data cache path not found in *engine.ini, will not use an Shared cache.
[2020.04.04-17.20.59:295][  0]LogDerivedDataCache: Unable to find inner node Shared for hierarchical cache Hierarchy.
[2020.04.04-17.20.59:333][  0]LogMaterial: Verifying Global Shaders for PCD3D_ES31
[2020.04.04-17.20.59:353][  0]LogSlate: Using FreeType 2.10.0
[2020.04.04-17.20.59:353][  0]LogSlate: SlateFontServices - WITH_FREETYPE: 1, WITH_HARFBUZZ: 1
[2020.04.04-17.20.59:464][  0]LogStreaming: Warning: Failed to read file '../../../Engine/Content/Slate/Icons/PIEWindow/WindowButton_Screen_Rotation_Disabled.png' error.
[2020.04.04-17.20.59:464][  0]LogSlate: Could not find file for Slate resource: ../../../Engine/Content/Slate/Icons/PIEWindow/WindowButton_Screen_Rotation_Disabled.png
[2020.04.04-17.20.59:575][  0]LogInit: Using OS detected language (en-US).
[2020.04.04-17.20.59:575][  0]LogInit: Using OS detected locale (en-US).
[2020.04.04-17.20.59:575][  0]LogTextLocalizationManager: No localization for 'en-US' exists, so 'en' will be used for the language.
[2020.04.04-17.20.59:576][  0]LogTextLocalizationManager: No localization for 'en-US' exists, so 'en' will be used for the locale.
[2020.04.04-17.20.59:576][  0]LogSlate: FontCache flush requested. Reason: Culture for localization was changed
[2020.04.04-17.20.59:576][  0]LogSlate: FontCache flush requested. Reason: Culture for localization was changed
[2020.04.04-17.20.59:577][  0]LogTextLocalizationManager: Compacting localization data took   0.01ms
[2020.04.04-17.20.59:583][  0]LogAssetRegistry: FAssetRegistry took 0.0036 seconds to start up
[2020.04.04-17.21.00:157][  0]LogPackageLocalizationCache: Processed 10 localized package path(s) for 1 prioritized culture(s) in 0.000730 seconds
[2020.04.04-17.21.00:252][  0]LogInit: Selected Device Profile: [Windows]
[2020.04.04-17.21.01:514][  0]LogMeshReduction: Using QuadricMeshReduction for automatic static mesh reduction
[2020.04.04-17.21.01:514][  0]LogMeshReduction: Using SimplygonMeshReduction for automatic skeletal mesh reduction
[2020.04.04-17.21.01:514][  0]LogMeshReduction: Using ProxyLODMeshReduction for automatic mesh merging
[2020.04.04-17.21.01:514][  0]LogMeshReduction: No distributed automatic mesh merging module available
[2020.04.04-17.21.01:514][  0]LogMeshMerging: No distributed automatic mesh merging module available
[2020.04.04-17.21.01:983][  0]LogNetVersion: FrogDev 1.0.0, NetCL: 10570792, EngineNetVer: 13, GameNetVer: 0 (Checksum: 3351283168)
[2020.04.04-17.21.04:621][  0]LogMaterial: Display: Missing cached shader map for material Widget3DPassThrough, compiling. 
[2020.04.04-17.21.04:697][  0]LogShaderCompilers: Display: Worker (1/5): shaders left to compile 6
[2020.04.04-17.21.04:697][  0]LogShaderCompilers: Display: Worker (2/5): shaders left to compile 4
[2020.04.04-17.21.04:697][  0]LogShaderCompilers: Display: Worker (3/5): shaders left to compile 2
[2020.04.04-17.21.04:697][  0]LogMaterial: Display: Missing cached shader map for material Widget3DPassThrough, compiling. 
[2020.04.04-17.21.04:732][  0]LogShaderCompilers: Display: Worker (4/5): shaders left to compile 4
[2020.04.04-17.21.04:732][  0]LogShaderCompilers: Display: Worker (5/5): shaders left to compile 3
[2020.04.04-17.21.04:732][  0]LogMaterial: Display: Missing cached shader map for material Widget3DPassThrough, compiling. 
[2020.04.04-17.21.04:754][  0]LogMaterial: Display: Missing cached shader map for material Widget3DPassThrough, compiling. 
[2020.04.04-17.21.04:786][  0]LogMaterial: Display: Missing cached shader map for material Widget3DPassThrough, compiling. 
[2020.04.04-17.21.13:798][  0]LogMoviePlayer: Initializing movie player
[2020.04.04-17.21.14:222][  0]LogMaterial: Display: Missing cached shader map for material DefaultSpriteMaterial, compiling. 
[2020.04.04-17.21.15:736][  0]LogTcpMessaging: Initializing TcpMessaging bridge
[2020.04.04-17.21.15:799][  0]LogUdpMessaging: Initializing bridge on interface 0.0.0.0:0 to multicast group 230.0.0.1:6666.
[2020.04.04-17.21.16:455][  0]SourceControl: Source control is disabled
[2020.04.04-17.21.16:472][  0]SourceControl: Source control is disabled
[2020.04.04-17.21.16:531][  0]SourceControl: Source control is disabled
[2020.04.04-17.21.17:982][  0]LogAndroidPermission: UAndroidPermissionCallbackProxy::GetInstance
[2020.04.04-17.21.18:356][  0]LogAudioCaptureCore: Display: No Audio Capture implementations found. Audio input will be silent.
[2020.04.04-17.21.18:356][  0]LogAudioCaptureCore: Display: No Audio Capture implementations found. Audio input will be silent.
[2020.04.04-17.21.19:345][  0]LogOcInput: OculusInput pre-init called
[2020.04.04-17.21.19:412][  0]LogUObjectArray: 52669 objects as part of root set at end of initial load.
[2020.04.04-17.21.19:412][  0]LogUObjectAllocator: 9322632 out of 0 bytes used by permanent object pool.
[2020.04.04-17.21.19:412][  0]LogUObjectArray: CloseDisregardForGC: 0/0 objects in disregard for GC pool
[2020.04.04-17.21.21:343][  0]LogShaderCompilers: Display: Worker (4/5): shaders left to compile 24
[2020.04.04-17.21.21:343][  0]LogEngine: Initializing Engine...
[2020.04.04-17.21.21:367][  0]LogHMD: Failed to initialize OpenVR with code 110
[2020.04.04-17.21.21:434][  0]LogStats: UGameplayTagsManager::InitializeManager -  0.003 s
[2020.04.04-17.21.21:653][  0]LogMaterial: Display: Missing cached shader map for material LevelColorationUnlitMaterial, compiling. Is special engine material.
[2020.04.04-17.21.21:791][  0]LogMaterial: Display: Missing cached shader map for material MAT_LevelColorationLitLightmapUV, compiling. Is special engine material.
[2020.04.04-17.21.22:374][  0]LogMaterial: Display: Missing cached shader map for material ShadedLevelColorationLitMaterial, compiling. Is special engine material.
[2020.04.04-17.21.22:953][  0]LogMaterial: Display: Missing cached shader map for material ShadedLevelColorationUnlitMateri, compiling. Is special engine material.
[2020.04.04-17.21.23:075][  0]LogMaterial: Display: Missing cached shader map for material VertexColorMaterial, compiling. 
[2020.04.04-17.21.23:214][  0]LogShaderCompilers: Display: Worker (4/5): shaders left to compile 1569
[2020.04.04-17.21.23:214][  0]LogMaterial: Display: Missing cached shader map for material VertexColorViewMode_ColorOnly, compiling. 
[2020.04.04-17.21.23:245][  0]LogMaterial: Display: Missing cached shader map for material VertexColorViewMode_AlphaAsColor, compiling. 
[2020.04.04-17.21.23:295][  0]LogMaterial: Display: Missing cached shader map for material VertexColorViewMode_RedOnly, compiling. 
[2020.04.04-17.21.23:327][  0]LogMaterial: Display: Missing cached shader map for material VertexColorViewMode_GreenOnly, compiling. 
[2020.04.04-17.21.23:358][  0]LogMaterial: Display: Missing cached shader map for material VertexColorViewMode_BlueOnly, compiling. 
[2020.04.04-17.21.23:387][  0]LogMaterial: Display: Missing cached shader map for material RemoveSurfaceMaterial, compiling. 
[2020.04.04-17.21.23:432][  0]LogMaterial: Display: Missing cached shader map for material HairDefaultMaterial, compiling. Is special engine material.
[2020.04.04-17.21.23:836][  0]LogMaterial: Display: Missing cached shader map for material DebugMeshMaterial, compiling. 
[2020.04.04-17.21.23:895][  0]LogMaterial: Display: Missing cached shader map for material EmissiveMeshMaterial, compiling. 
[2020.04.04-17.21.23:935][  0]LogMaterial: Display: Missing cached shader map for material M_InvalidLightmapSettings, compiling. 
[2020.04.04-17.21.23:993][  0]LogMaterial: Display: Missing cached shader map for material GizmoMaterial, compiling. 
[2020.04.04-17.21.24:080][  0]LogMaterial: Display: Missing cached shader map for material PhAT_JointLimitMaterial, compiling. 
[2020.04.04-17.21.24:431][  0]LogInit: Initializing FReadOnlyCVARCache
[2020.04.04-17.21.24:557][  0]LogAudioMixer: Display: Audio Mixer Platform Settings:
[2020.04.04-17.21.24:557][  0]LogAudioMixer: Display: 	Sample Rate:						  48000
[2020.04.04-17.21.24:557][  0]LogAudioMixer: Display: 	Callback Buffer Frame Size Requested: 1024
[2020.04.04-17.21.24:557][  0]LogAudioMixer: Display: 	Callback Buffer Frame Size To Use:	  1024
[2020.04.04-17.21.24:557][  0]LogAudioMixer: Display: 	Number of buffers to queue:			  2
[2020.04.04-17.21.24:557][  0]LogAudioMixer: Display: 	Max Channels (voices):				  32
[2020.04.04-17.21.24:557][  0]LogAudioMixer: Display: 	Number of Async Source Workers:		  0
[2020.04.04-17.21.24:571][  0]LogAudio: Display: AudioDevice MaxSources: 32
[2020.04.04-17.21.24:572][  0]LogAudio: Display: Using built-in audio occlusion.
[2020.04.04-17.21.24:573][  0]LogAudioMixer: Display: Initializing audio mixer.
[2020.04.04-17.21.24:660][  0]LogAudioMixer: Display: Audio Device Output Speaker Info:
[2020.04.04-17.21.24:660][  0]LogAudioMixer: Display: Name: Speakers (Logitech G430 Gaming Headset)
[2020.04.04-17.21.24:660][  0]LogAudioMixer: Display: Is Default: Yes
[2020.04.04-17.21.24:660][  0]LogAudioMixer: Display: Sample Rate: 48000
[2020.04.04-17.21.24:660][  0]LogAudioMixer: Display: Channel Count Used: 2
[2020.04.04-17.21.24:660][  0]LogAudioMixer: Display: Device Channel Count: 2
[2020.04.04-17.21.24:660][  0]LogAudioMixer: Display: Channel Order:
[2020.04.04-17.21.24:660][  0]LogAudioMixer: Display: 0: FrontLeft
[2020.04.04-17.21.24:660][  0]LogAudioMixer: Display: 1: FrontRight
[2020.04.04-17.21.24:766][  0]LogAudioMixer: Display: Using Audio Device Speakers (Logitech G430 Gaming Headset)
[2020.04.04-17.21.24:827][  0]LogInit: FAudioDevice initialized.
[2020.04.04-17.21.24:839][  0]LogNetVersion: Set ProjectVersion to 1.0.0.0. Version Checksum will be recalculated on next use.
[2020.04.04-17.21.24:840][  0]LogInit: Texture streaming: Enabled
[2020.04.04-17.21.26:335][  0]LogSlate: Updating window title bar state: overlay mode, drag disabled, window buttons hidden, title bar hidden
[2020.04.04-17.21.26:337][  0]LogInit: Display: Game Engine Initialized.
[2020.04.04-17.21.26:865][  0]LogInit: Display: Starting Game.
[2020.04.04-17.21.26:884][  0]LogNet: Browse: /Game/2DSideScrollerBP/Maps/2DSideScrollerExampleMap?Name=Player
[2020.04.04-17.21.26:902][  0]LogShaderCompilers: Display: Worker (4/5): shaders left to compile 2567
[2020.04.04-17.21.26:902][  0]LogLoad: LoadMap: /Game/2DSideScrollerBP/Maps/2DSideScrollerExampleMap?Name=Player
[2020.04.04-17.21.26:902][  0]LogWorld: BeginTearingDown for /Temp/Untitled_0
[2020.04.04-17.21.27:147][  0]LogWorld: UWorld::CleanupWorld for Untitled, bSessionEnded=true, bCleanupResources=true
[2020.04.04-17.21.27:147][  0]LogSlate: InvalidateAllWidgets triggered.  All widgets were invalidated
[2020.04.04-17.21.28:474][  0]LogAudioMixer: Display: No commands were queued while flushing the source manager.
[2020.04.04-17.21.28:550][  0]LogUObjectHash: Compacting FUObjectHashTables data took   3.29ms
[2020.04.04-17.21.30:352][  0]LogShaderCompilers: Display: Worker (5/5): shaders left to compile 2557
[2020.04.04-17.21.30:672][  0]LogAIModule: Creating AISystem for world 2DSideScrollerExampleMap
[2020.04.04-17.21.30:682][  0]LogLoad: Game class is '2DSideScrollerGameMode_C'
[2020.04.04-17.21.30:736][  0]LogWorld: Bringing World /Game/2DSideScrollerBP/Maps/2DSideScrollerExampleMap.2DSideScrollerExampleMap up for play (max tick rate 0) at 2020.04.04-20.21.30
[2020.04.04-17.21.30:846][  0]LogWorld: Bringing up level for play took: 0.155967
[2020.04.04-17.21.31:295][  0]LogShaderCompilers: Display: Worker (4/5): shaders left to compile 2547
[2020.04.04-17.21.31:295][  0]LogLoad: Took 4.393204 seconds to LoadMap(/Game/2DSideScrollerBP/Maps/2DSideScrollerExampleMap)
[2020.04.04-17.21.31:331][  0]LogSlate: Took 0.023689 seconds to synchronously load lazily loaded font '../../../Engine/Content/Slate/Fonts/Roboto-Regular.ttf' (155K)
[2020.04.04-17.21.31:834][  0]LogRenderer: Reallocating scene render targets to support 1280x744 Format 2 NumSamples 1 (Frame:1).
[2020.04.04-17.21.31:834][  0]LogAndroidWindowUtils: Setting Width=616 and Height=1280 (requested scale = 1.000000)
[2020.04.04-17.21.31:880][  0]LogRenderer: Reallocating scene render targets to support 572x296 Format 2 NumSamples 1 (Frame:2).
[2020.04.04-17.21.31:896][  0]LogLoad: (Engine Initialization) Total time: 37.63 seconds
[2020.04.04-17.21.31:896][  0]LogLoad: (Engine Initialization) Total Blueprint compile time: 0.00 seconds
[2020.04.04-17.21.32:109][  0]LogContentStreaming: Texture pool size now 1000 MB
[2020.04.04-17.21.32:204][  0]LogRenderer: Reallocating scene render targets to support 508x244 Format 2 NumSamples 1 (Frame:5).
[2020.04.04-17.21.32:204][  0]LogSlate: InvalidateAllWidgets triggered.  All widgets were invalidated
[2020.04.04-17.21.32:503][  1]LogSlate: Took 0.000293 seconds to synchronously load lazily loaded font '../../../Engine/Content/Slate/Fonts/Roboto-Regular.ttf' (155K)
[2020.04.04-17.21.37:798][565]LogShaderCompilers: Display: Worker (2/5): shaders left to compile 2537
[2020.04.04-17.21.41:016][474]LogShaderCompilers: Display: Worker (1/5): shaders left to compile 2527
[2020.04.04-17.21.46:090][997]LogShaderCompilers: Display: Worker (3/5): shaders left to compile 2517
[2020.04.04-17.21.48:013][706]LogShaderCompilers: Display: Worker (4/5): shaders left to compile 2507
[2020.04.04-17.21.54:314][279]LogShaderCompilers: Display: Worker (2/5): shaders left to compile 2497
[2020.04.04-17.21.59:415][710]LogShaderCompilers: Display: Worker (1/5): shaders left to compile 2487
[2020.04.04-17.21.59:943][873]LogWindowsTextInputMethodSystem: Display: IME system now deactivated.
[2020.04.04-17.21.59:943][873]LogWindowsTextInputMethodSystem: Display: IME system now deactivated.
[2020.04.04-17.22.03:621][321]LogShaderCompilers: Display: Worker (3/5): shaders left to compile 2477
[2020.04.04-17.22.10:048][156]LogShaderCompilers: Display: Worker (4/5): shaders left to compile 2467
[2020.04.04-17.22.17:001][267]LogShaderCompilers: Display: Worker (2/5): shaders left to compile 2457
[2020.04.04-17.22.20:283][643]LogShaderCompilers: Display: Worker (3/5): shaders left to compile 2447
[2020.04.04-17.22.23:203][908]LogShaderCompilers: Display: Worker (1/5): shaders left to compile 2437
[2020.04.04-17.22.28:500][266]LogShaderCompilers: Display: Worker (4/5): shaders left to compile 2427
[2020.04.04-17.22.38:569][263]LogShaderCompilers: Display: Worker (2/5): shaders left to compile 2417
[2020.04.04-17.22.38:569][263]LogShaderCompilers: Display: Worker (3/5): shaders left to compile 2407
[2020.04.04-17.22.40:052][928]LogSlate: Window 'FrogDev (64-bit Development PCD3D_ES31) ' being destroyed
[2020.04.04-17.22.40:053][928]LogWindowsTextInputMethodSystem: Display: IME system now deactivated.
[2020.04.04-17.22.40:065][928]LogSlate: Updating window title bar state: overlay mode, drag disabled, window buttons hidden, title bar hidden
[2020.04.04-17.22.40:065][928]LogEngine: All Windows Closed
[2020.04.04-17.22.40:065][928]LogWindows: FPlatformMisc::RequestExit(0)
[2020.04.04-17.22.40:065][928]LogCore: Engine exit requested (reason: Win RequestExit)
[2020.04.04-17.22.40:067][929]LogCore: Engine exit requested (reason: EngineExit() was called; note: exit was already requested)
[2020.04.04-17.22.40:077][929]LogAudioMixer: Display: No commands were queued while flushing the source manager.
[2020.04.04-17.22.40:141][929]LogInit: Display: PreExit Game.
[2020.04.04-17.22.40:247][929]LogWorld: BeginTearingDown for /Game/2DSideScrollerBP/Maps/2DSideScrollerExampleMap
[2020.04.04-17.22.40:414][929]LogWorld: UWorld::CleanupWorld for 2DSideScrollerExampleMap, bSessionEnded=true, bCleanupResources=true
[2020.04.04-17.22.40:449][929]LogSlate: InvalidateAllWidgets triggered.  All widgets were invalidated
[2020.04.04-17.22.41:528][929]LogExit: Preparing to exit.
[2020.04.04-17.22.41:866][929]LogMoviePlayer: Shutting down movie player
[2020.04.04-17.22.42:426][929]LogSlate: Updating window title bar state: overlay mode, drag disabled, window buttons hidden, title bar hidden
[2020.04.04-17.22.42:785][929]LogExit: Game engine shut down
[2020.04.04-17.22.42:806][929]LogDemo: Cleaned up 0 splitscreen connections with owner deletion
[2020.04.04-17.22.44:797][929]LogShaderCompilers: Display: Worker (4/5): shaders left to compile 2397
[2020.04.04-17.22.44:797][929]LogShaderCompilers: Display: Worker (1/5): shaders left to compile 2387
[2020.04.04-17.22.44:797][929]LogShaderCompilers: Display: Worker (2/5): shaders left to compile 2377
[2020.04.04-17.22.44:797][929]LogExit: Object subsystem successfully closed.
[2020.04.04-17.22.45:192][929]LogShaderCompilers: Display: Shaders left to compile 0
[2020.04.04-17.22.46:408][929]LogModuleManager: Shutting down and abandoning module SequenceRecorderSections (436)
[2020.04.04-17.22.46:408][929]LogModuleManager: Shutting down and abandoning module SequenceRecorder (434)
[2020.04.04-17.22.46:409][929]LogModuleManager: Shutting down and abandoning module AutomationController (432)
[2020.04.04-17.22.46:424][929]LogModuleManager: Shutting down and abandoning module AutomationWorker (430)
[2020.04.04-17.22.46:424][929]LogModuleManager: Shutting down and abandoning module Voice (428)
[2020.04.04-17.22.46:450][929]LogModuleManager: Shutting down and abandoning module AIModule (426)
[2020.04.04-17.22.46:450][929]LogModuleManager: Shutting down and abandoning module GameplayDebugger (425)
[2020.04.04-17.22.46:478][929]LogModuleManager: Shutting down and abandoning module AITestSuite (423)
[2020.04.04-17.22.46:478][929]LogModuleManager: Shutting down and abandoning module NavigationSystem (421)
[2020.04.04-17.22.46:478][929]LogModuleManager: Shutting down and abandoning module OculusMR (418)
[2020.04.04-17.22.46:486][929]LogModuleManager: Shutting down and abandoning module WmfMediaFactory (416)
[2020.04.04-17.22.46:486][929]LogModuleManager: Shutting down and abandoning module WebMMediaFactory (414)
[2020.04.04-17.22.46:486][929]LogModuleManager: Shutting down and abandoning module WebMMedia (412)
[2020.04.04-17.22.46:498][929]LogModuleManager: Shutting down and abandoning module OpenExrWrapper (410)
[2020.04.04-17.22.46:498][929]LogModuleManager: Shutting down and abandoning module ImgMediaFactory (408)
[2020.04.04-17.22.46:498][929]LogModuleManager: Shutting down and abandoning module AvfMediaFactory (406)
[2020.04.04-17.22.46:498][929]LogModuleManager: Shutting down and abandoning module MagicLeapMediaCodecFactory (404)
[2020.04.04-17.22.46:498][929]LogModuleManager: Shutting down and abandoning module MagicLeapMediaFactory (402)
[2020.04.04-17.22.46:498][929]LogModuleManager: Shutting down and abandoning module CharacterAI (400)
[2020.04.04-17.22.46:499][929]LogModuleManager: Shutting down and abandoning module SessionServices (398)
[2020.04.04-17.22.46:499][929]LogModuleManager: Shutting down and abandoning module MovieSceneCapture (396)
[2020.04.04-17.22.46:499][929]LogModuleManager: Shutting down and abandoning module LiveCoding (394)
[2020.04.04-17.22.46:521][929]LogModuleManager: Shutting down and abandoning module LevelSequence (392)
[2020.04.04-17.22.46:521][929]LogModuleManager: Shutting down and abandoning module MovieSceneTracks (390)
[2020.04.04-17.22.46:521][929]LogModuleManager: Shutting down and abandoning module MovieScene (388)
[2020.04.04-17.22.46:522][929]LogModuleManager: Shutting down and abandoning module StreamingPauseRendering (386)
[2020.04.04-17.22.46:545][929]LogModuleManager: Shutting down and abandoning module PortalServices (384)
[2020.04.04-17.22.46:545][929]LogModuleManager: Shutting down and abandoning module PortalRpc (382)
[2020.04.04-17.22.46:545][929]LogModuleManager: Shutting down and abandoning module MessagingRpc (380)
[2020.04.04-17.22.46:546][929]LogModuleManager: Shutting down and abandoning module AudioMixerXAudio2 (378)
[2020.04.04-17.22.46:546][929]LogModuleManager: Shutting down and abandoning module ImageWriteQueue (376)
[2020.04.04-17.22.46:549][929]LogModuleManager: Shutting down and abandoning module ProfilerService (374)
[2020.04.04-17.22.46:827][929]LogModuleManager: Shutting down and abandoning module TaskGraph (372)
[2020.04.04-17.22.46:856][929]LogModuleManager: Shutting down and abandoning module ProceduralMeshComponent (370)
[2020.04.04-17.22.46:856][929]LogModuleManager: Shutting down and abandoning module OculusInput (368)
[2020.04.04-17.22.46:856][929]LogModuleManager: Shutting down and abandoning module MobilePatchingUtils (366)
[2020.04.04-17.22.46:856][929]LogModuleManager: Shutting down and abandoning module EditableMesh (364)
[2020.04.04-17.22.46:856][929]LogModuleManager: Shutting down and abandoning module CustomMeshComponent (362)
[2020.04.04-17.22.46:856][929]LogModuleManager: Shutting down and abandoning module CableComponent (360)
[2020.04.04-17.22.46:857][929]LogModuleManager: Shutting down and abandoning module AudioCapture (358)
[2020.04.04-17.22.46:857][929]LogModuleManager: Shutting down and abandoning module AudioCaptureRtAudio (357)
[2020.04.04-17.22.46:857][929]LogModuleManager: Shutting down and abandoning module AssetTags (354)
[2020.04.04-17.22.46:857][929]LogModuleManager: Shutting down and abandoning module ArchVisCharacter (352)
[2020.04.04-17.22.46:857][929]LogModuleManager: Shutting down and abandoning module AppleImageUtilsBlueprintSupport (350)
[2020.04.04-17.22.46:857][929]LogModuleManager: Shutting down and abandoning module AppleImageUtils (348)
[2020.04.04-17.22.46:857][929]LogModuleManager: Shutting down and abandoning module AndroidPermission (346)
[2020.04.04-17.22.46:857][929]LogModuleManager: Shutting down and abandoning module NUTUnrealEngine4 (344)
[2020.04.04-17.22.46:857][929]LogModuleManager: Shutting down and abandoning module NetcodeUnitTest (342)
[2020.04.04-17.22.46:877][929]LogModuleManager: Shutting down and abandoning module MediaCompositing (340)
[2020.04.04-17.22.46:877][929]LogModuleManager: Shutting down and abandoning module ImgMedia (338)
[2020.04.04-17.22.46:877][929]LogModuleManager: Shutting down and abandoning module MagicLeapHelperVulkan (336)
[2020.04.04-17.22.46:877][929]LogModuleManager: Shutting down and abandoning module MagicLeapHelperOpenGL (334)
[2020.04.04-17.22.46:877][929]LogModuleManager: Shutting down and abandoning module MagicLeapAudio (332)
[2020.04.04-17.22.46:877][929]LogModuleManager: Shutting down and abandoning module GeometryCacheTracks (330)
[2020.04.04-17.22.46:877][929]LogModuleManager: Shutting down and abandoning module GeometryCacheSequencer (329)
[2020.04.04-17.22.46:890][929]LogModuleManager: Shutting down and abandoning module GeometryCache (326)
[2020.04.04-17.22.46:890][929]LogModuleManager: Shutting down and abandoning module GeometryCacheEd (325)
[2020.04.04-17.22.46:890][929]LogModuleManager: Shutting down and abandoning module BackChannel (322)
[2020.04.04-17.22.46:903][929]LogModuleManager: Shutting down and abandoning module AutomationUtils (320)
[2020.04.04-17.22.46:903][929]LogModuleManager: Shutting down and abandoning module VisualStudioSourceCodeAccess (318)
[2020.04.04-17.22.46:919][929]LogModuleManager: Shutting down and abandoning module HotReload (317)
[2020.04.04-17.22.46:942][929]LogModuleManager: Shutting down and abandoning module DirectoryWatcher (316)
[2020.04.04-17.22.46:963][929]LogModuleManager: Shutting down and abandoning module VisualStudioCodeSourceCodeAccess (312)
[2020.04.04-17.22.46:963][929]LogModuleManager: Shutting down and abandoning module UObjectPlugin (310)
[2020.04.04-17.22.46:963][929]LogModuleManager: Shutting down and abandoning module SubversionSourceControl (308)
[2020.04.04-17.22.46:992][929]LogModuleManager: Shutting down and abandoning module PerforceSourceControl (306)
[2020.04.04-17.22.47:019][929]LogModuleManager: Shutting down and abandoning module SourceControl (305)
[2020.04.04-17.22.47:019][929]LogModuleManager: Shutting down and abandoning module CLionSourceCodeAccess (302)
[2020.04.04-17.22.47:027][929]LogModuleManager: Shutting down and abandoning module ActorLayerUtilities (300)
[2020.04.04-17.22.47:027][929]LogModuleManager: Shutting down and abandoning module SignificanceManager (298)
[2020.04.04-17.22.47:027][929]LogModuleManager: Shutting down and abandoning module RuntimePhysXCooking (296)
[2020.04.04-17.22.47:027][929]LogModuleManager: Shutting down and abandoning module PhysXVehiclesEditor (294)
[2020.04.04-17.22.47:027][929]LogModuleManager: Shutting down and abandoning module LocationServicesBPLibrary (290)
[2020.04.04-17.22.47:027][929]LogModuleManager: Shutting down and abandoning module ActorSequence (288)
[2020.04.04-17.22.47:027][929]LogModuleManager: Shutting down and abandoning module UdpMessaging (286)
[2020.04.04-17.22.47:128][929]LogModuleManager: Shutting down and abandoning module TcpMessaging (284)
[2020.04.04-17.22.47:252][929]LogModuleManager: Shutting down and abandoning module MagicLeapPrivileges (282)
[2020.04.04-17.22.47:257][929]LogModuleManager: Shutting down and abandoning module MagicLeapPlanes (280)
[2020.04.04-17.22.47:273][929]LogMagicLeapPlanes: Planes tracker already destroyed.
[2020.04.04-17.22.47:273][929]LogModuleManager: Shutting down and abandoning module MagicLeapIdentity (278)
[2020.04.04-17.22.47:273][929]LogModuleManager: Shutting down and abandoning module MagicLeapSecureStorage (276)
[2020.04.04-17.22.47:273][929]LogModuleManager: Shutting down and abandoning module MagicLeapImageTracker (274)
[2020.04.04-17.22.47:273][929]LogModuleManager: Shutting down and abandoning module MagicLeapHandTracking (272)
[2020.04.04-17.22.47:273][929]LogModuleManager: Shutting down and abandoning module MagicLeapHandMeshing (270)
[2020.04.04-17.22.47:283][929]LogModuleManager: Shutting down and abandoning module MagicLeapEyeTracker (268)
[2020.04.04-17.22.47:283][929]LogModuleManager: Shutting down and abandoning module MagicLeapController (266)
[2020.04.04-17.22.47:283][929]LogSlate: Slate User Destroyed.  User Index 0, Is Virtual User: 0
[2020.04.04-17.22.47:284][929]LogModuleManager: Shutting down and abandoning module MagicLeapARPin (264)
[2020.04.04-17.22.47:284][929]LogModuleManager: Shutting down and abandoning module MagicLeapAR (262)
[2020.04.04-17.22.47:284][929]LogModuleManager: Shutting down and abandoning module AugmentedReality (261)
[2020.04.04-17.22.47:284][929]LogModuleManager: Shutting down and abandoning module GameplayTagsEditor (258)
[2020.04.04-17.22.47:284][929]LogModuleManager: Shutting down and abandoning module FacialAnimation (256)
[2020.04.04-17.22.47:284][929]LogModuleManager: Shutting down and abandoning module AssetManagerEditor (254)
[2020.04.04-17.22.47:337][929]LogModuleManager: Shutting down and abandoning module TreeMap (253)
[2020.04.04-17.22.47:359][929]LogModuleManager: Shutting down and abandoning module AnimationSharing (250)
[2020.04.04-17.22.47:359][929]LogModuleManager: Shutting down and abandoning module LightPropagationVolumeRuntime (248)
[2020.04.04-17.22.47:359][929]LogModuleManager: Shutting down and abandoning module Paper2D (246)
[2020.04.04-17.22.47:359][929]LogModuleManager: Shutting down and abandoning module WindowsMoviePlayer (244)
[2020.04.04-17.22.47:382][929]LogModuleManager: Shutting down and abandoning module WebMMoviePlayer (242)
[2020.04.04-17.22.47:382][929]LogModuleManager: Shutting down and abandoning module NetworkReplayStreaming (240)
[2020.04.04-17.22.47:382][929]LogModuleManager: Shutting down and abandoning module PacketHandler (238)
[2020.04.04-17.22.47:382][929]LogModuleManager: Shutting down and abandoning module ClothingSystemEditor (236)
[2020.04.04-17.22.47:382][929]LogModuleManager: Shutting down and abandoning module ClothingSystemRuntimeNv (234)
[2020.04.04-17.22.47:402][929]LogModuleManager: Shutting down and abandoning module MediaAssets (232)
[2020.04.04-17.22.47:411][929]LogModuleManager: Shutting down and abandoning module Overlay (230)
[2020.04.04-17.22.47:411][929]LogModuleManager: Shutting down and abandoning module OverlayEditor (229)
[2020.04.04-17.22.47:411][929]LogModuleManager: Shutting down and abandoning module VREditor (226)
[2020.04.04-17.22.47:428][929]LogModuleManager: Shutting down and abandoning module StringTableEditor (224)
[2020.04.04-17.22.47:454][929]LogModuleManager: Shutting down and abandoning module GameplayTasksEditor (222)
[2020.04.04-17.22.47:455][929]LogModuleManager: Shutting down and abandoning module BehaviorTreeEditor (220)
[2020.04.04-17.22.47:475][929]LogModuleManager: Shutting down and abandoning module FunctionalTesting (218)
[2020.04.04-17.22.47:501][929]LogModuleManager: Shutting down and abandoning module CollisionAnalyzer (216)
[2020.04.04-17.22.47:545][929]LogModuleManager: Shutting down and abandoning module WorkspaceMenuStructure (215)
[2020.04.04-17.22.47:545][929]LogModuleManager: Shutting down and abandoning module UMG (212)
[2020.04.04-17.22.47:567][929]LogModuleManager: Shutting down and abandoning module UMGEditor (211)
[2020.04.04-17.22.47:663][929]LogModuleManager: Shutting down and abandoning module Sequencer (210)
[2020.04.04-17.22.47:683][929]LogModuleManager: Shutting down and abandoning module MessageLog (207)
[2020.04.04-17.22.47:694][929]LogModuleManager: Shutting down and abandoning module SlateReflector (202)
[2020.04.04-17.22.47:722][929]LogModuleManager: Shutting down and abandoning module Slate (200)
[2020.04.04-17.22.47:722][929]LogModuleManager: Shutting down and abandoning module SlateCore (198)
[2020.04.04-17.22.47:722][929]LogModuleManager: Shutting down and abandoning module LandscapeEditorUtilities (196)
[2020.04.04-17.22.47:722][929]LogModuleManager: Shutting down and abandoning module EditorStyle (194)
[2020.04.04-17.22.47:724][929]LogModuleManager: Shutting down and abandoning module UnrealEd (192)
[2020.04.04-17.22.47:742][929]LogModuleManager: Shutting down and abandoning module MRMesh (190)
[2020.04.04-17.22.47:742][929]LogModuleManager: Shutting down and abandoning module Messaging (188)
[2020.04.04-17.22.47:742][929]LogModuleManager: Shutting down and abandoning module SourceCodeAccess (186)
[2020.04.04-17.22.47:742][929]LogModuleManager: Shutting down and abandoning module HeadMountedDisplay (184)
[2020.04.04-17.22.47:755][929]LogModuleManager: Shutting down and abandoning module XAudio2 (182)
[2020.04.04-17.22.47:765][929]LogModuleManager: Shutting down and abandoning module Networking (180)
[2020.04.04-17.22.47:765][929]LogModuleManager: Shutting down and abandoning module Core (178)
[2020.04.04-17.22.47:765][929]LogModuleManager: Shutting down and abandoning module MovieSceneTools (176)
[2020.04.04-17.22.47:792][929]LogModuleManager: Shutting down and abandoning module KismetCompiler (174)
[2020.04.04-17.22.47:792][929]LogModuleManager: Shutting down and abandoning module MeshUtilities (172)
[2020.04.04-17.22.47:803][929]LogModuleManager: Shutting down and abandoning module MeshMergeUtilities (171)
[2020.04.04-17.22.47:814][929]LogModuleManager: Shutting down and abandoning module MeshReductionInterface (170)
[2020.04.04-17.22.47:814][929]LogModuleManager: Shutting down and abandoning module MeshBoneReduction (169)
[2020.04.04-17.22.47:825][929]LogModuleManager: Shutting down and abandoning module SkeletalMeshReduction (167)
[2020.04.04-17.22.47:845][929]LogModuleManager: Shutting down and abandoning module ProxyLODMeshReduction (165)
[2020.04.04-17.22.47:866][929]LogModuleManager: Shutting down and abandoning module QuadricMeshReduction (163)
[2020.04.04-17.22.47:875][929]LogModuleManager: Shutting down and abandoning module MaterialBaking (159)
[2020.04.04-17.22.47:944][929]LogModuleManager: Shutting down and abandoning module NullInstallBundleManager (154)
[2020.04.04-17.22.47:944][929]LogModuleManager: Shutting down and abandoning module DerivedDataCache (152)
[2020.04.04-17.22.47:944][929]LogDerivedDataCache: Shutdown
[2020.04.04-17.22.47:944][929]LogModuleManager: Shutting down and abandoning module XGEController (150)
[2020.04.04-17.22.47:944][929]LogModuleManager: Shutting down and abandoning module TargetPlatform (148)
[2020.04.04-17.22.47:944][929]LogModuleManager: Shutting down and abandoning module VulkanShaderFormat (147)
[2020.04.04-17.22.47:963][929]LogModuleManager: Shutting down and abandoning module ShaderFormatVectorVM (145)
[2020.04.04-17.22.47:975][929]LogModuleManager: Shutting down and abandoning module ShaderFormatOpenGL (143)
[2020.04.04-17.22.47:982][929]LogModuleManager: Shutting down and abandoning module ShaderFormatD3D (141)
[2020.04.04-17.22.47:982][929]LogModuleManager: Shutting down and abandoning module MetalShaderFormat (139)
[2020.04.04-17.22.48:015][929]LogModuleManager: Shutting down and abandoning module TextureFormatUncompressed (137)
[2020.04.04-17.22.48:015][929]LogModuleManager: Shutting down and abandoning module TextureFormatPVR (135)
[2020.04.04-17.22.48:015][929]LogModuleManager: Shutting down and abandoning module TextureFormatDXT (133)
[2020.04.04-17.22.48:034][929]LogModuleManager: Shutting down and abandoning module TextureFormatIntelISPCTexComp (131)
[2020.04.04-17.22.48:053][929]LogModuleManager: Shutting down and abandoning module TextureFormatASTC (129)
[2020.04.04-17.22.48:054][929]LogModuleManager: Shutting down and abandoning module ImageWrapper (128)
[2020.04.04-17.22.48:054][929]LogModuleManager: Shutting down and abandoning module TextureFormatAndroid (125)
[2020.04.04-17.22.48:054][929]LogModuleManager: Shutting down and abandoning module AudioFormatOpus (123)
[2020.04.04-17.22.48:066][929]LogModuleManager: Shutting down and abandoning module AudioFormatOgg (121)
[2020.04.04-17.22.48:066][929]LogModuleManager: Shutting down and abandoning module AudioFormatADPCM (119)
[2020.04.04-17.22.48:084][929]LogModuleManager: Shutting down and abandoning module WindowsServerTargetPlatform (117)
[2020.04.04-17.22.48:084][929]LogModuleManager: Shutting down and abandoning module WindowsClientTargetPlatform (115)
[2020.04.04-17.22.48:084][929]LogModuleManager: Shutting down and abandoning module WindowsTargetPlatform (113)
[2020.04.04-17.22.48:084][929]LogModuleManager: Shutting down and abandoning module WindowsNoEditorTargetPlatform (111)
[2020.04.04-17.22.48:084][929]LogModuleManager: Shutting down and abandoning module InputCore (108)
[2020.04.04-17.22.48:084][929]LogModuleManager: Shutting down and abandoning module Settings (106)
[2020.04.04-17.22.48:084][929]LogModuleManager: Shutting down and abandoning module PhysXCooking (104)
[2020.04.04-17.22.48:084][929]LogModuleManager: Shutting down and abandoning module ChaosSolvers (102)
[2020.04.04-17.22.48:111][929]LogModuleManager: Shutting down and abandoning module FieldSystemEngine (101)
[2020.04.04-17.22.48:111][929]LogModuleManager: Shutting down and abandoning module Chaos (98)
[2020.04.04-17.22.48:111][929]LogModuleManager: Shutting down and abandoning module WindowsPlatformFeatures (96)
[2020.04.04-17.22.48:111][929]LogModuleManager: Shutting down and abandoning module GameplayMediaEncoder (95)
[2020.04.04-17.22.48:128][929]LogModuleManager: Shutting down and abandoning module AndroidDeviceProfileSelector (92)
[2020.04.04-17.22.48:128][929]LogModuleManager: Shutting down and abandoning module SteamVRInputDevice (90)
[2020.04.04-17.22.48:146][929]LogModuleManager: Shutting down and abandoning module SteamVRInput (88)
[2020.04.04-17.22.48:146][929]LogModuleManager: Shutting down and abandoning module SteamVR (86)
[2020.04.04-17.22.48:158][929]LogHMD: Freeing OpenVRDLLHandle.
[2020.04.04-17.22.48:158][929]LogModuleManager: Shutting down and abandoning module OculusHMD (84)
[2020.04.04-17.22.48:203][929]LogModuleManager: Shutting down and abandoning module ExampleDeviceProfileSelector (82)
[2020.04.04-17.22.48:203][929]LogModuleManager: Shutting down and abandoning module LauncherChunkInstaller (80)
[2020.04.04-17.22.48:203][929]LogModuleManager: Shutting down and abandoning module OnlineBlueprintSupport (78)
[2020.04.04-17.22.48:203][929]LogModuleManager: Shutting down and abandoning module OnlineSubsystem (74)
[2020.04.04-17.22.48:253][929]LogModuleManager: Shutting down and abandoning module XMPP (69)
[2020.04.04-17.22.48:272][929]LogModuleManager: Shutting down and abandoning module WebSockets (68)
[2020.04.04-17.22.48:332][929]LogModuleManager: Shutting down and abandoning module HTTP (65)
[2020.04.04-17.22.48:356][929]LogModuleManager: Shutting down and abandoning module SSL (64)
[2020.04.04-17.22.48:359][929]LogModuleManager: Shutting down and abandoning module WmfMedia (60)
[2020.04.04-17.22.48:382][929]LogModuleManager: Shutting down and abandoning module Media (59)
[2020.04.04-17.22.48:383][929]LogModuleManager: Shutting down and abandoning module MagicLeap (56)
[2020.04.04-17.22.48:383][929]LogModuleManager: Shutting down and abandoning module VariantManagerContent (54)
[2020.04.04-17.22.48:383][929]LogModuleManager: Shutting down and abandoning module DatasmithContent (52)
[2020.04.04-17.22.48:383][929]LogModuleManager: Shutting down and abandoning module AISupportModule (50)
[2020.04.04-17.22.48:384][929]LogModuleManager: Shutting down and abandoning module DesktopPlatform (48)
[2020.04.04-17.22.48:388][929]LogModuleManager: Shutting down and abandoning module PlatformCryptoOpenSSL (46)
[2020.04.04-17.22.48:395][929]LogModuleManager: Shutting down and abandoning module PlatformCryptoTypes (44)
[2020.04.04-17.22.48:395][929]LogModuleManager: Shutting down and abandoning module PlatformCrypto (42)
[2020.04.04-17.22.48:395][929]LogModuleManager: Shutting down and abandoning module PIEPreviewDeviceProfileSelector (40)
[2020.04.04-17.22.48:395][929]LogUObjectArray: Warning: Empty slot
[2020.04.04-17.22.48:395][929]LogModuleManager: Shutting down and abandoning module AnimationModifiers (38)
[2020.04.04-17.22.48:408][929]LogModuleManager: Shutting down and abandoning module PropertyEditor (37)
[2020.04.04-17.22.48:428][929]LogModuleManager: Shutting down and abandoning module AudioEditor (34)
[2020.04.04-17.22.48:491][929]LogModuleManager: Shutting down and abandoning module TextureCompressor (32)
[2020.04.04-17.22.48:502][929]LogModuleManager: Shutting down and abandoning module RenderCore (30)
[2020.04.04-17.22.48:502][929]LogModuleManager: Shutting down and abandoning module Landscape (28)
[2020.04.04-17.22.48:502][929]LogModuleManager: Shutting down and abandoning module SlateRHIRenderer (26)
[2020.04.04-17.22.48:523][929]LogModuleManager: Shutting down and abandoning module OpenGLDrv (24)
[2020.04.04-17.22.48:535][929]LogModuleManager: Shutting down and abandoning module D3D11RHI (22)
[2020.04.04-17.22.48:535][929]LogModuleManager: Shutting down and abandoning module AnimGraphRuntime (20)
[2020.04.04-17.22.48:551][929]LogModuleManager: Shutting down and abandoning module Renderer (18)
[2020.04.04-17.22.48:565][929]LogModuleManager: Shutting down and abandoning module Engine (16)
[2020.04.04-17.22.48:566][929]LogModuleManager: Shutting down and abandoning module CoreUObject (14)
[2020.04.04-17.22.48:566][929]LogModuleManager: Shutting down and abandoning module NetworkFile (12)
[2020.04.04-17.22.48:578][929]LogModuleManager: Shutting down and abandoning module CookedIterativeFile (10)
[2020.04.04-17.22.48:578][929]LogModuleManager: Shutting down and abandoning module StreamingFile (8)
[2020.04.04-17.22.48:591][929]LogModuleManager: Shutting down and abandoning module SandboxFile (6)
[2020.04.04-17.22.48:606][929]LogModuleManager: Shutting down and abandoning module PakFile (4)
[2020.04.04-17.22.48:621][929]LogModuleManager: Shutting down and abandoning module RSA (3)
[2020.04.04-17.22.48:640][929]LogD3D11RHI: Shutdown
[2020.04.04-17.22.48:640][929]LogD3D11RHI: CleanupD3DDevice
[2020.04.04-17.22.48:741][929]LogExit: Exiting.
[2020.04.04-17.22.48:834][929]Log file closed, 04/04/20 20:22:48
